<?xml version="1.0" encoding="UTF-8"?>
<coverage generated="1776838453099" clover="3.2.0">
  <project timestamp="1776838453100" name="All files">
    <metrics statements="81" coveredstatements="70" conditionals="70" coveredconditionals="48" methods="9" coveredmethods="9" elements="160" coveredelements="127" complexity="0" loc="81" ncloc="81" packages="1" files="3" classes="3"/>
    <file name="css-sync.js" path="/Users/gradito.tunggulcahyo/Documents/myproject/pip-subtitle/stremio-pip-extension/src/css-sync.js">
      <metrics statements="35" coveredstatements="26" conditionals="22" coveredconditionals="13" methods="3" coveredmethods="3"/>
      <line num="16" count="12" type="stmt"/>
      <line num="19" count="12" type="stmt"/>
      <line num="21" count="12" type="stmt"/>
      <line num="22" count="8" type="stmt"/>
      <line num="25" count="8" type="cond" truecount="1" falsecount="1"/>
      <line num="27" count="0" type="cond" truecount="0" falsecount="2"/>
      <line num="28" count="0" type="stmt"/>
      <line num="31" count="0" type="stmt"/>
      <line num="32" count="0" type="stmt"/>
      <line num="33" count="0" type="cond" truecount="0" falsecount="2"/>
      <line num="34" count="0" type="stmt"/>
      <line num="36" count="0" type="cond" truecount="0" falsecount="2"/>
      <line num="37" count="0" type="stmt"/>
      <line num="40" count="0" type="stmt"/>
      <line num="43" count="8" type="stmt"/>
      <line num="44" count="8" type="stmt"/>
      <line num="46" count="8" type="cond" truecount="4" falsecount="0"/>
      <line num="48" count="6" type="stmt"/>
      <line num="49" count="6" type="stmt"/>
      <line num="53" count="6" type="stmt"/>
      <line num="54" count="6" type="stmt"/>
      <line num="55" count="6" type="stmt"/>
      <line num="66" count="12" type="stmt"/>
      <line num="67" count="12" type="stmt"/>
      <line num="69" count="5" type="cond" truecount="1" falsecount="1"/>
      <line num="70" count="5" type="stmt"/>
      <line num="72" count="5" type="stmt"/>
      <line num="73" count="5" type="stmt"/>
      <line num="74" count="5" type="cond" truecount="2" falsecount="0"/>
      <line num="75" count="5" type="stmt"/>
      <line num="77" count="5" type="cond" truecount="2" falsecount="0"/>
      <line num="78" count="1" type="stmt"/>
      <line num="81" count="5" type="stmt"/>
      <line num="86" count="1" type="cond" truecount="3" falsecount="1"/>
      <line num="87" count="1" type="stmt"/>
    </file>
    <file name="dom-detector.js" path="/Users/gradito.tunggulcahyo/Documents/myproject/pip-subtitle/stremio-pip-extension/src/dom-detector.js">
      <metrics statements="24" coveredstatements="23" conditionals="28" coveredconditionals="18" methods="2" coveredmethods="2"/>
      <line num="16" count="11" type="stmt"/>
      <line num="22" count="11" type="stmt"/>
      <line num="23" count="25" type="stmt"/>
      <line num="24" count="25" type="stmt"/>
      <line num="26" count="5" type="cond" truecount="1" falsecount="1"/>
      <line num="27" count="5" type="stmt"/>
      <line num="33" count="6" type="stmt"/>
      <line num="34" count="6" type="cond" truecount="2" falsecount="0"/>
      <line num="35" count="3" type="stmt"/>
      <line num="39" count="3" type="stmt"/>
      <line num="40" count="3" type="cond" truecount="3" falsecount="0"/>
      <line num="42" count="2" type="stmt"/>
      <line num="44" count="4" type="cond" truecount="2" falsecount="0"/>
      <line num="47" count="2" type="stmt"/>
      <line num="48" count="2" type="cond" truecount="1" falsecount="1"/>
      <line num="49" count="2" type="cond" truecount="1" falsecount="1"/>
      <line num="50" count="2" type="cond" truecount="1" falsecount="1"/>
      <line num="53" count="2" type="cond" truecount="3" falsecount="4"/>
      <line num="58" count="2" type="cond" truecount="1" falsecount="1"/>
      <line num="59" count="2" type="stmt"/>
      <line num="62" count="0" type="stmt"/>
      <line num="65" count="1" type="stmt"/>
      <line num="69" count="1" type="cond" truecount="3" falsecount="1"/>
      <line num="70" count="1" type="stmt"/>
    </file>
    <file name="pip-manager.js" path="/Users/gradito.tunggulcahyo/Documents/myproject/pip-subtitle/stremio-pip-extension/src/pip-manager.js">
      <metrics statements="22" coveredstatements="21" conditionals="20" coveredconditionals="17" methods="4" coveredmethods="4"/>
      <line num="11" count="1" type="stmt"/>
      <line num="19" count="9" type="cond" truecount="2" falsecount="0"/>
      <line num="20" count="1" type="stmt"/>
      <line num="23" count="8" type="cond" truecount="2" falsecount="0"/>
      <line num="24" count="1" type="stmt"/>
      <line num="28" count="7" type="stmt"/>
      <line num="31" count="7" type="stmt"/>
      <line num="37" count="6" type="stmt"/>
      <line num="40" count="6" type="stmt"/>
      <line num="41" count="1" type="cond" truecount="1" falsecount="1"/>
      <line num="42" count="1" type="stmt"/>
      <line num="44" count="1" type="stmt"/>
      <line num="47" count="6" type="stmt"/>
      <line num="54" count="3" type="cond" truecount="4" falsecount="0"/>
      <line num="55" count="2" type="stmt"/>
      <line num="65" count="2" type="cond" truecount="4" falsecount="0"/>
      <line num="66" count="1" type="stmt"/>
      <line num="68" count="1" type="cond" truecount="1" falsecount="1"/>
      <line num="69" count="0" type="stmt"/>
      <line num="71" count="1" type="stmt"/>
      <line num="76" count="1" type="cond" truecount="3" falsecount="1"/>
      <line num="77" count="1" type="stmt"/>
    </file>
  </project>
</coverage>
