<?xml version="1.0" encoding="UTF-8"?>
<coverage generated="1776850600308" clover="3.2.0">
  <project timestamp="1776850600308" name="All files">
    <metrics statements="265" coveredstatements="258" conditionals="141" coveredconditionals="120" methods="36" coveredmethods="36" elements="442" coveredelements="414" complexity="0" loc="265" ncloc="265" packages="1" files="5" classes="5"/>
    <file name="css-sync.js" path="/Users/gradito.tunggulcahyo/Documents/myproject/pip-subtitle/stremio-pip-extension/src/css-sync.js">
      <metrics statements="35" coveredstatements="34" conditionals="22" coveredconditionals="18" methods="3" coveredmethods="3"/>
      <line num="16" count="22" type="stmt"/>
      <line num="19" count="22" type="stmt"/>
      <line num="21" count="22" type="stmt"/>
      <line num="22" count="16" type="stmt"/>
      <line num="25" count="16" type="cond" truecount="2" falsecount="0"/>
      <line num="27" count="1" type="cond" truecount="1" falsecount="1"/>
      <line num="28" count="1" type="stmt"/>
      <line num="31" count="1" type="stmt"/>
      <line num="32" count="1" type="stmt"/>
      <line num="33" count="1" type="cond" truecount="1" falsecount="1"/>
      <line num="34" count="1" type="stmt"/>
      <line num="36" count="1" type="cond" truecount="1" falsecount="1"/>
      <line num="37" count="0" type="stmt"/>
      <line num="40" count="1" type="stmt"/>
      <line num="43" count="15" type="stmt"/>
      <line num="44" count="15" type="stmt"/>
      <line num="46" count="15" type="cond" truecount="4" falsecount="0"/>
      <line num="48" count="13" type="stmt"/>
      <line num="49" count="13" type="stmt"/>
      <line num="53" count="13" type="stmt"/>
      <line num="54" count="13" type="stmt"/>
      <line num="55" count="13" type="stmt"/>
      <line num="66" count="22" type="stmt"/>
      <line num="67" count="22" type="stmt"/>
      <line num="69" count="7" type="cond" truecount="2" falsecount="0"/>
      <line num="70" count="6" type="stmt"/>
      <line num="72" count="6" type="stmt"/>
      <line num="73" count="6" type="stmt"/>
      <line num="74" count="6" type="cond" truecount="2" falsecount="0"/>
      <line num="75" count="6" type="stmt"/>
      <line num="77" count="6" type="cond" truecount="2" falsecount="0"/>
      <line num="78" count="1" type="stmt"/>
      <line num="81" count="6" type="stmt"/>
      <line num="86" count="13" type="cond" truecount="3" falsecount="1"/>
      <line num="87" count="13" type="stmt"/>
    </file>
    <file name="dom-detector.js" path="/Users/gradito.tunggulcahyo/Documents/myproject/pip-subtitle/stremio-pip-extension/src/dom-detector.js">
      <metrics statements="24" coveredstatements="24" conditionals="28" coveredconditionals="24" methods="2" coveredmethods="2"/>
      <line num="16" count="38" type="stmt"/>
      <line num="22" count="38" type="stmt"/>
      <line num="23" count="64" type="stmt"/>
      <line num="24" count="64" type="stmt"/>
      <line num="26" count="26" type="cond" truecount="1" falsecount="1"/>
      <line num="27" count="26" type="stmt"/>
      <line num="33" count="12" type="stmt"/>
      <line num="34" count="12" type="cond" truecount="2" falsecount="0"/>
      <line num="35" count="5" type="stmt"/>
      <line num="39" count="7" type="stmt"/>
      <line num="40" count="7" type="cond" truecount="3" falsecount="0"/>
      <line num="42" count="7" type="stmt"/>
      <line num="44" count="13" type="cond" truecount="2" falsecount="0"/>
      <line num="47" count="7" type="stmt"/>
      <line num="48" count="7" type="cond" truecount="1" falsecount="1"/>
      <line num="49" count="7" type="cond" truecount="2" falsecount="0"/>
      <line num="50" count="7" type="cond" truecount="2" falsecount="0"/>
      <line num="53" count="7" type="cond" truecount="6" falsecount="1"/>
      <line num="58" count="7" type="cond" truecount="2" falsecount="0"/>
      <line num="59" count="4" type="stmt"/>
      <line num="62" count="3" type="stmt"/>
      <line num="65" count="3" type="stmt"/>
      <line num="69" count="13" type="cond" truecount="3" falsecount="1"/>
      <line num="70" count="13" type="stmt"/>
    </file>
    <file name="notification.js" path="/Users/gradito.tunggulcahyo/Documents/myproject/pip-subtitle/stremio-pip-extension/src/notification.js">
      <metrics statements="18" coveredstatements="15" conditionals="16" coveredconditionals="13" methods="5" coveredmethods="5"/>
      <line num="7" count="13" type="stmt"/>
      <line num="14" count="18" type="cond" truecount="4" falsecount="0"/>
      <line num="15" count="2" type="stmt"/>
      <line num="16" count="2" type="stmt"/>
      <line num="19" count="16" type="stmt"/>
      <line num="20" count="16" type="stmt"/>
      <line num="33" count="11" type="cond" truecount="3" falsecount="1"/>
      <line num="34" count="0" type="stmt"/>
      <line num="35" count="0" type="stmt"/>
      <line num="38" count="11" type="stmt"/>
      <line num="39" count="11" type="stmt"/>
      <line num="47" count="11" type="stmt"/>
      <line num="48" count="1" type="cond" truecount="3" falsecount="1"/>
      <line num="49" count="0" type="stmt"/>
      <line num="58" count="6" type="stmt"/>
      <line num="65" count="5" type="stmt"/>
      <line num="69" count="13" type="cond" truecount="3" falsecount="1"/>
      <line num="70" count="13" type="stmt"/>
    </file>
    <file name="pip-controls.js" path="/Users/gradito.tunggulcahyo/Documents/myproject/pip-subtitle/stremio-pip-extension/src/pip-controls.js">
      <metrics statements="161" coveredstatements="158" conditionals="53" coveredconditionals="45" methods="22" coveredmethods="22"/>
      <line num="16" count="84" type="cond" truecount="4" falsecount="0"/>
      <line num="17" count="6" type="stmt"/>
      <line num="19" count="78" type="stmt"/>
      <line num="20" count="78" type="stmt"/>
      <line num="21" count="78" type="cond" truecount="2" falsecount="0"/>
      <line num="29" count="13" type="stmt"/>
      <line num="30" count="13" type="stmt"/>
      <line num="32" count="13" type="stmt"/>
      <line num="39" count="13" type="stmt"/>
      <line num="40" count="13" type="stmt"/>
      <line num="49" count="42" type="stmt"/>
      <line num="50" count="42" type="stmt"/>
      <line num="52" count="42" type="cond" truecount="2" falsecount="0"/>
      <line num="53" count="1" type="stmt"/>
      <line num="57" count="41" type="stmt"/>
      <line num="58" count="41" type="stmt"/>
      <line num="60" count="41" type="stmt"/>
      <line num="189" count="41" type="stmt"/>
      <line num="190" count="41" type="stmt"/>
      <line num="193" count="41" type="stmt"/>
      <line num="194" count="41" type="stmt"/>
      <line num="195" count="41" type="stmt"/>
      <line num="198" count="41" type="stmt"/>
      <line num="199" count="41" type="stmt"/>
      <line num="200" count="41" type="stmt"/>
      <line num="201" count="41" type="stmt"/>
      <line num="202" count="41" type="cond" truecount="2" falsecount="0"/>
      <line num="203" count="41" type="stmt"/>
      <line num="204" count="2" type="cond" truecount="2" falsecount="0"/>
      <line num="205" count="1" type="stmt"/>
      <line num="207" count="1" type="stmt"/>
      <line num="210" count="41" type="stmt"/>
      <line num="213" count="41" type="stmt"/>
      <line num="214" count="41" type="stmt"/>
      <line num="215" count="41" type="stmt"/>
      <line num="216" count="41" type="stmt"/>
      <line num="217" count="41" type="stmt"/>
      <line num="218" count="2" type="stmt"/>
      <line num="220" count="41" type="stmt"/>
      <line num="223" count="41" type="stmt"/>
      <line num="224" count="41" type="stmt"/>
      <line num="225" count="41" type="stmt"/>
      <line num="226" count="41" type="stmt"/>
      <line num="227" count="41" type="stmt"/>
      <line num="228" count="2" type="cond" truecount="1" falsecount="1"/>
      <line num="230" count="41" type="stmt"/>
      <line num="233" count="41" type="stmt"/>
      <line num="234" count="41" type="stmt"/>
      <line num="235" count="41" type="stmt"/>
      <line num="236" count="41" type="stmt"/>
      <line num="237" count="41" type="stmt"/>
      <line num="238" count="41" type="stmt"/>
      <line num="239" count="41" type="cond" truecount="2" falsecount="0"/>
      <line num="240" count="41" type="stmt"/>
      <line num="241" count="41" type="stmt"/>
      <line num="242" count="1" type="cond" truecount="1" falsecount="1"/>
      <line num="243" count="1" type="stmt"/>
      <line num="246" count="41" type="stmt"/>
      <line num="249" count="41" type="stmt"/>
      <line num="250" count="41" type="stmt"/>
      <line num="251" count="41" type="stmt"/>
      <line num="252" count="41" type="stmt"/>
      <line num="253" count="41" type="stmt"/>
      <line num="256" count="41" type="stmt"/>
      <line num="257" count="41" type="stmt"/>
      <line num="260" count="41" type="stmt"/>
      <line num="261" count="41" type="stmt"/>
      <line num="262" count="41" type="stmt"/>
      <line num="263" count="41" type="stmt"/>
      <line num="264" count="41" type="cond" truecount="4" falsecount="0"/>
      <line num="265" count="41" type="stmt"/>
      <line num="266" count="1" type="stmt"/>
      <line num="268" count="41" type="stmt"/>
      <line num="271" count="41" type="stmt"/>
      <line num="272" count="41" type="stmt"/>
      <line num="273" count="41" type="stmt"/>
      <line num="274" count="41" type="stmt"/>
      <line num="275" count="41" type="stmt"/>
      <line num="276" count="41" type="stmt"/>
      <line num="277" count="41" type="cond" truecount="2" falsecount="0"/>
      <line num="278" count="41" type="stmt"/>
      <line num="279" count="41" type="stmt"/>
      <line num="280" count="1" type="stmt"/>
      <line num="281" count="1" type="stmt"/>
      <line num="283" count="41" type="stmt"/>
      <line num="285" count="41" type="stmt"/>
      <line num="288" count="41" type="stmt"/>
      <line num="289" count="41" type="stmt"/>
      <line num="290" count="41" type="stmt"/>
      <line num="291" count="41" type="stmt"/>
      <line num="292" count="41" type="stmt"/>
      <line num="293" count="5" type="stmt"/>
      <line num="294" count="5" type="stmt"/>
      <line num="296" count="5" type="cond" truecount="4" falsecount="0"/>
      <line num="297" count="1" type="stmt"/>
      <line num="300" count="4" type="stmt"/>
      <line num="301" count="4" type="stmt"/>
      <line num="302" count="4" type="stmt"/>
      <line num="303" count="4" type="stmt"/>
      <line num="304" count="4" type="stmt"/>
      <line num="305" count="4" type="stmt"/>
      <line num="307" count="4" type="stmt"/>
      <line num="308" count="4" type="cond" truecount="2" falsecount="0"/>
      <line num="310" count="1" type="stmt"/>
      <line num="311" count="1" type="stmt"/>
      <line num="312" count="3" type="cond" truecount="2" falsecount="0"/>
      <line num="314" count="2" type="stmt"/>
      <line num="315" count="2" type="stmt"/>
      <line num="321" count="41" type="stmt"/>
      <line num="324" count="41" type="stmt"/>
      <line num="327" count="41" type="stmt"/>
      <line num="330" count="42" type="stmt"/>
      <line num="331" count="42" type="cond" truecount="1" falsecount="1"/>
      <line num="332" count="0" type="stmt"/>
      <line num="333" count="0" type="stmt"/>
      <line num="338" count="3" type="stmt"/>
      <line num="342" count="42" type="stmt"/>
      <line num="343" count="42" type="stmt"/>
      <line num="344" count="2" type="stmt"/>
      <line num="345" count="2" type="stmt"/>
      <line num="351" count="1" type="stmt"/>
      <line num="355" count="1" type="cond" truecount="1" falsecount="1"/>
      <line num="356" count="1" type="stmt"/>
      <line num="357" count="1" type="stmt"/>
      <line num="359" count="1" type="stmt"/>
      <line num="363" count="1" type="stmt"/>
      <line num="364" count="1" type="stmt"/>
      <line num="366" count="1" type="cond" truecount="4" falsecount="1"/>
      <line num="367" count="1" type="stmt"/>
      <line num="369" count="0" type="stmt"/>
      <line num="372" count="1" type="stmt"/>
      <line num="376" count="1" type="stmt"/>
      <line num="380" count="1" type="stmt"/>
      <line num="384" count="2" type="cond" truecount="4" falsecount="0"/>
      <line num="385" count="1" type="stmt"/>
      <line num="386" count="1" type="stmt"/>
      <line num="388" count="1" type="stmt"/>
      <line num="389" count="1" type="stmt"/>
      <line num="394" count="1" type="cond" truecount="1" falsecount="1"/>
      <line num="395" count="1" type="stmt"/>
      <line num="400" count="41" type="stmt"/>
      <line num="401" count="41" type="stmt"/>
      <line num="402" count="41" type="stmt"/>
      <line num="403" count="41" type="stmt"/>
      <line num="404" count="41" type="stmt"/>
      <line num="405" count="41" type="stmt"/>
      <line num="406" count="41" type="stmt"/>
      <line num="410" count="2" type="cond" truecount="1" falsecount="1"/>
      <line num="411" count="2" type="stmt"/>
      <line num="412" count="2" type="stmt"/>
      <line num="414" count="2" type="stmt"/>
      <line num="415" count="2" type="stmt"/>
      <line num="416" count="2" type="stmt"/>
      <line num="417" count="2" type="stmt"/>
      <line num="418" count="2" type="stmt"/>
      <line num="419" count="2" type="stmt"/>
      <line num="420" count="2" type="stmt"/>
      <line num="424" count="41" type="stmt"/>
      <line num="427" count="41" type="stmt"/>
      <line num="430" count="2" type="cond" truecount="3" falsecount="1"/>
      <line num="431" count="2" type="stmt"/>
    </file>
    <file name="pip-manager.js" path="/Users/gradito.tunggulcahyo/Documents/myproject/pip-subtitle/stremio-pip-extension/src/pip-manager.js">
      <metrics statements="27" coveredstatements="27" conditionals="22" coveredconditionals="20" methods="4" coveredmethods="4"/>
      <line num="11" count="13" type="stmt"/>
      <line num="19" count="28" type="cond" truecount="2" falsecount="0"/>
      <line num="20" count="2" type="stmt"/>
      <line num="23" count="26" type="cond" truecount="2" falsecount="0"/>
      <line num="24" count="2" type="stmt"/>
      <line num="28" count="24" type="stmt"/>
      <line num="30" count="24" type="stmt"/>
      <line num="32" count="24" type="stmt"/>
      <line num="38" count="20" type="stmt"/>
      <line num="41" count="20" type="stmt"/>
      <line num="43" count="3" type="cond" truecount="2" falsecount="0"/>
      <line num="44" count="1" type="stmt"/>
      <line num="46" count="3" type="cond" truecount="1" falsecount="1"/>
      <line num="47" count="3" type="stmt"/>
      <line num="49" count="3" type="stmt"/>
      <line num="52" count="20" type="stmt"/>
      <line num="55" count="4" type="stmt"/>
      <line num="56" count="4" type="stmt"/>
      <line num="64" count="7" type="cond" truecount="4" falsecount="0"/>
      <line num="65" count="6" type="stmt"/>
      <line num="75" count="7" type="cond" truecount="4" falsecount="0"/>
      <line num="76" count="3" type="stmt"/>
      <line num="78" count="4" type="cond" truecount="2" falsecount="0"/>
      <line num="79" count="1" type="stmt"/>
      <line num="81" count="3" type="stmt"/>
      <line num="86" count="13" type="cond" truecount="3" falsecount="1"/>
      <line num="87" count="13" type="stmt"/>
    </file>
  </project>
</coverage>
