{"/Users/gradito.tunggulcahyo/Documents/myproject/pip-subtitle/stremio-pip-extension/src/css-sync.js": {"path":"/Users/gradito.tunggulcahyo/Documents/myproject/pip-subtitle/stremio-pip-extension/src/css-sync.js","statementMap":{"0":{"start":{"line":16,"column":21},"end":{"line":16,"column":30}},"1":{"start":{"line":19,"column":22},"end":{"line":19,"column":42}},"2":{"start":{"line":21,"column":2},"end":{"line":62,"column":3}},"3":{"start":{"line":21,"column":15},"end":{"line":21,"column":16}},"4":{"start":{"line":22,"column":23},"end":{"line":22,"column":37}},"5":{"start":{"line":25,"column":4},"end":{"line":61,"column":5}},"6":{"start":{"line":27,"column":6},"end":{"line":27,"column":52}},"7":{"start":{"line":27,"column":43},"end":{"line":27,"column":52}},"8":{"start":{"line":28,"column":6},"end":{"line":28,"column":38}},"9":{"start":{"line":31,"column":19},"end":{"line":31,"column":50}},"10":{"start":{"line":32,"column":6},"end":{"line":32,"column":30}},"11":{"start":{"line":33,"column":6},"end":{"line":33,"column":48}},"12":{"start":{"line":34,"column":6},"end":{"line":34,"column":34}},"13":{"start":{"line":36,"column":6},"end":{"line":38,"column":7}},"14":{"start":{"line":37,"column":8},"end":{"line":37,"column":38}},"15":{"start":{"line":40,"column":6},"end":{"line":40,"column":39}},"16":{"start":{"line":43,"column":6},"end":{"line":60,"column":7}},"17":{"start":{"line":44,"column":25},"end":{"line":44,"column":44}},"18":{"start":{"line":46,"column":8},"end":{"line":56,"column":9}},"19":{"start":{"line":48,"column":26},"end":{"line":50,"column":21}},"20":{"start":{"line":49,"column":25},"end":{"line":49,"column":37}},"21":{"start":{"line":53,"column":24},"end":{"line":53,"column":56}},"22":{"start":{"line":54,"column":10},"end":{"line":54,"column":38}},"23":{"start":{"line":55,"column":10},"end":{"line":55,"column":44}},"24":{"start":{"line":66,"column":23},"end":{"line":66,"column":74}},"25":{"start":{"line":67,"column":2},"end":{"line":82,"column":5}},"26":{"start":{"line":69,"column":4},"end":{"line":69,"column":44}},"27":{"start":{"line":69,"column":37},"end":{"line":69,"column":44}},"28":{"start":{"line":70,"column":4},"end":{"line":70,"column":32}},"29":{"start":{"line":72,"column":17},"end":{"line":72,"column":48}},"30":{"start":{"line":73,"column":4},"end":{"line":73,"column":28}},"31":{"start":{"line":74,"column":4},"end":{"line":74,"column":42}},"32":{"start":{"line":75,"column":4},"end":{"line":75,"column":28}},"33":{"start":{"line":77,"column":4},"end":{"line":79,"column":5}},"34":{"start":{"line":78,"column":6},"end":{"line":78,"column":32}},"35":{"start":{"line":81,"column":4},"end":{"line":81,"column":37}},"36":{"start":{"line":86,"column":0},"end":{"line":88,"column":1}},"37":{"start":{"line":87,"column":2},"end":{"line":87,"column":39}}},"fnMap":{"0":{"name":"copyStylesheets","decl":{"start":{"line":14,"column":9},"end":{"line":14,"column":24}},"loc":{"start":{"line":14,"column":36},"end":{"line":83,"column":1}},"line":14},"1":{"name":"(anonymous_1)","decl":{"start":{"line":49,"column":17},"end":{"line":49,"column":18}},"loc":{"start":{"line":49,"column":25},"end":{"line":49,"column":37}},"line":49},"2":{"name":"(anonymous_2)","decl":{"start":{"line":67,"column":23},"end":{"line":67,"column":24}},"loc":{"start":{"line":67,"column":35},"end":{"line":82,"column":3}},"line":67}},"branchMap":{"0":{"loc":{"start":{"line":25,"column":4},"end":{"line":61,"column":5}},"type":"if","locations":[{"start":{"line":25,"column":4},"end":{"line":61,"column":5}},{"start":{"line":41,"column":11},"end":{"line":61,"column":5}}],"line":25},"1":{"loc":{"start":{"line":27,"column":6},"end":{"line":27,"column":52}},"type":"if","locations":[{"start":{"line":27,"column":6},"end":{"line":27,"column":52}},{"start":{},"end":{}}],"line":27},"2":{"loc":{"start":{"line":33,"column":18},"end":{"line":33,"column":47}},"type":"binary-expr","locations":[{"start":{"line":33,"column":18},"end":{"line":33,"column":33}},{"start":{"line":33,"column":37},"end":{"line":33,"column":47}}],"line":33},"3":{"loc":{"start":{"line":36,"column":6},"end":{"line":38,"column":7}},"type":"if","locations":[{"start":{"line":36,"column":6},"end":{"line":38,"column":7}},{"start":{},"end":{}}],"line":36},"4":{"loc":{"start":{"line":46,"column":8},"end":{"line":56,"column":9}},"type":"if","locations":[{"start":{"line":46,"column":8},"end":{"line":56,"column":9}},{"start":{},"end":{}}],"line":46},"5":{"loc":{"start":{"line":46,"column":12},"end":{"line":46,"column":43}},"type":"binary-expr","locations":[{"start":{"line":46,"column":12},"end":{"line":46,"column":20}},{"start":{"line":46,"column":24},"end":{"line":46,"column":43}}],"line":46},"6":{"loc":{"start":{"line":69,"column":4},"end":{"line":69,"column":44}},"type":"if","locations":[{"start":{"line":69,"column":4},"end":{"line":69,"column":44}},{"start":{},"end":{}}],"line":69},"7":{"loc":{"start":{"line":74,"column":16},"end":{"line":74,"column":41}},"type":"binary-expr","locations":[{"start":{"line":74,"column":16},"end":{"line":74,"column":27}},{"start":{"line":74,"column":31},"end":{"line":74,"column":41}}],"line":74},"8":{"loc":{"start":{"line":77,"column":4},"end":{"line":79,"column":5}},"type":"if","locations":[{"start":{"line":77,"column":4},"end":{"line":79,"column":5}},{"start":{},"end":{}}],"line":77},"9":{"loc":{"start":{"line":86,"column":0},"end":{"line":88,"column":1}},"type":"if","locations":[{"start":{"line":86,"column":0},"end":{"line":88,"column":1}},{"start":{},"end":{}}],"line":86},"10":{"loc":{"start":{"line":86,"column":4},"end":{"line":86,"column":51}},"type":"binary-expr","locations":[{"start":{"line":86,"column":4},"end":{"line":86,"column":33}},{"start":{"line":86,"column":37},"end":{"line":86,"column":51}}],"line":86}},"s":{"0":22,"1":22,"2":22,"3":22,"4":16,"5":16,"6":1,"7":0,"8":1,"9":1,"10":1,"11":1,"12":1,"13":1,"14":0,"15":1,"16":15,"17":15,"18":15,"19":13,"20":13,"21":13,"22":13,"23":13,"24":22,"25":22,"26":7,"27":1,"28":6,"29":6,"30":6,"31":6,"32":6,"33":6,"34":1,"35":6,"36":13,"37":13},"f":{"0":22,"1":13,"2":7},"b":{"0":[1,15],"1":[0,1],"2":[1,0],"3":[0,1],"4":[13,2],"5":[15,15],"6":[1,6],"7":[6,5],"8":[1,5],"9":[13,0],"10":[13,13]},"_coverageSchema":"1a1c01bbd47fc00a2c39e90264f33305004495a9","hash":"600d1f96f1573c46b2005341010a1cabcb648e7c"}
,"/Users/gradito.tunggulcahyo/Documents/myproject/pip-subtitle/stremio-pip-extension/src/dom-detector.js": {"path":"/Users/gradito.tunggulcahyo/Documents/myproject/pip-subtitle/stremio-pip-extension/src/dom-detector.js","statementMap":{"0":{"start":{"line":16,"column":20},"end":{"line":20,"column":3}},"1":{"start":{"line":22,"column":2},"end":{"line":30,"column":3}},"2":{"start":{"line":23,"column":21},"end":{"line":23,"column":56}},"3":{"start":{"line":24,"column":4},"end":{"line":29,"column":5}},"4":{"start":{"line":26,"column":6},"end":{"line":28,"column":7}},"5":{"start":{"line":27,"column":8},"end":{"line":27,"column":18}},"6":{"start":{"line":33,"column":16},"end":{"line":33,"column":47}},"7":{"start":{"line":34,"column":2},"end":{"line":36,"column":3}},"8":{"start":{"line":35,"column":4},"end":{"line":35,"column":16}},"9":{"start":{"line":39,"column":18},"end":{"line":39,"column":37}},"10":{"start":{"line":40,"column":2},"end":{"line":63,"column":3}},"11":{"start":{"line":42,"column":31},"end":{"line":56,"column":6}},"12":{"start":{"line":44,"column":6},"end":{"line":44,"column":40}},"13":{"start":{"line":44,"column":27},"end":{"line":44,"column":40}},"14":{"start":{"line":47,"column":20},"end":{"line":47,"column":43}},"15":{"start":{"line":48,"column":20},"end":{"line":48,"column":37}},"16":{"start":{"line":49,"column":23},"end":{"line":49,"column":92}},"17":{"start":{"line":50,"column":21},"end":{"line":50,"column":87}},"18":{"start":{"line":53,"column":6},"end":{"line":55,"column":86}},"19":{"start":{"line":58,"column":4},"end":{"line":60,"column":5}},"20":{"start":{"line":59,"column":6},"end":{"line":59,"column":23}},"21":{"start":{"line":62,"column":4},"end":{"line":62,"column":40}},"22":{"start":{"line":65,"column":2},"end":{"line":65,"column":14}},"23":{"start":{"line":69,"column":0},"end":{"line":71,"column":1}},"24":{"start":{"line":70,"column":2},"end":{"line":70,"column":42}}},"fnMap":{"0":{"name":"findVideoContainer","decl":{"start":{"line":13,"column":9},"end":{"line":13,"column":27}},"loc":{"start":{"line":13,"column":30},"end":{"line":66,"column":1}},"line":13},"1":{"name":"(anonymous_1)","decl":{"start":{"line":42,"column":67},"end":{"line":42,"column":68}},"loc":{"start":{"line":42,"column":76},"end":{"line":56,"column":5}},"line":42}},"branchMap":{"0":{"loc":{"start":{"line":26,"column":6},"end":{"line":28,"column":7}},"type":"if","locations":[{"start":{"line":26,"column":6},"end":{"line":28,"column":7}},{"start":{},"end":{}}],"line":26},"1":{"loc":{"start":{"line":34,"column":2},"end":{"line":36,"column":3}},"type":"if","locations":[{"start":{"line":34,"column":2},"end":{"line":36,"column":3}},{"start":{},"end":{}}],"line":34},"2":{"loc":{"start":{"line":40,"column":9},"end":{"line":40,"column":91}},"type":"binary-expr","locations":[{"start":{"line":40,"column":9},"end":{"line":40,"column":18}},{"start":{"line":40,"column":22},"end":{"line":40,"column":49}},{"start":{"line":40,"column":53},"end":{"line":40,"column":91}}],"line":40},"3":{"loc":{"start":{"line":44,"column":6},"end":{"line":44,"column":40}},"type":"if","locations":[{"start":{"line":44,"column":6},"end":{"line":44,"column":40}},{"start":{},"end":{}}],"line":44},"4":{"loc":{"start":{"line":48,"column":20},"end":{"line":48,"column":37}},"type":"binary-expr","locations":[{"start":{"line":48,"column":20},"end":{"line":48,"column":31}},{"start":{"line":48,"column":35},"end":{"line":48,"column":37}}],"line":48},"5":{"loc":{"start":{"line":49,"column":23},"end":{"line":49,"column":92}},"type":"binary-expr","locations":[{"start":{"line":49,"column":23},"end":{"line":49,"column":37}},{"start":{"line":49,"column":41},"end":{"line":49,"column":92}}],"line":49},"6":{"loc":{"start":{"line":50,"column":21},"end":{"line":50,"column":87}},"type":"binary-expr","locations":[{"start":{"line":50,"column":21},"end":{"line":50,"column":33}},{"start":{"line":50,"column":37},"end":{"line":50,"column":87}}],"line":50},"7":{"loc":{"start":{"line":53,"column":13},"end":{"line":55,"column":85}},"type":"binary-expr","locations":[{"start":{"line":53,"column":13},"end":{"line":53,"column":18}},{"start":{"line":54,"column":14},"end":{"line":54,"column":37}},{"start":{"line":54,"column":42},"end":{"line":54,"column":70}},{"start":{"line":54,"column":74},"end":{"line":54,"column":103}},{"start":{"line":55,"column":14},"end":{"line":55,"column":28}},{"start":{"line":55,"column":33},"end":{"line":55,"column":59}},{"start":{"line":55,"column":63},"end":{"line":55,"column":83}}],"line":53},"8":{"loc":{"start":{"line":58,"column":4},"end":{"line":60,"column":5}},"type":"if","locations":[{"start":{"line":58,"column":4},"end":{"line":60,"column":5}},{"start":{},"end":{}}],"line":58},"9":{"loc":{"start":{"line":69,"column":0},"end":{"line":71,"column":1}},"type":"if","locations":[{"start":{"line":69,"column":0},"end":{"line":71,"column":1}},{"start":{},"end":{}}],"line":69},"10":{"loc":{"start":{"line":69,"column":4},"end":{"line":69,"column":51}},"type":"binary-expr","locations":[{"start":{"line":69,"column":4},"end":{"line":69,"column":33}},{"start":{"line":69,"column":37},"end":{"line":69,"column":51}}],"line":69}},"s":{"0":38,"1":38,"2":64,"3":64,"4":26,"5":26,"6":12,"7":12,"8":5,"9":7,"10":7,"11":7,"12":13,"13":6,"14":7,"15":7,"16":7,"17":7,"18":7,"19":7,"20":4,"21":3,"22":3,"23":13,"24":13},"f":{"0":38,"1":13},"b":{"0":[26,0],"1":[5,7],"2":[10,10,7],"3":[6,7],"4":[7,0],"5":[7,1],"6":[7,2],"7":[7,6,1,0,5,2,1],"8":[4,3],"9":[13,0],"10":[13,13]},"_coverageSchema":"1a1c01bbd47fc00a2c39e90264f33305004495a9","hash":"a9a9ec5416ded9ec2af67817b652d48b780d1a53"}
,"/Users/gradito.tunggulcahyo/Documents/myproject/pip-subtitle/stremio-pip-extension/src/notification.js": {"path":"/Users/gradito.tunggulcahyo/Documents/myproject/pip-subtitle/stremio-pip-extension/src/notification.js","statementMap":{"0":{"start":{"line":7,"column":17},"end":{"line":7,"column":35}},"1":{"start":{"line":14,"column":2},"end":{"line":17,"column":3}},"2":{"start":{"line":15,"column":4},"end":{"line":15,"column":69}},"3":{"start":{"line":16,"column":4},"end":{"line":16,"column":11}},"4":{"start":{"line":19,"column":25},"end":{"line":19,"column":46}},"5":{"start":{"line":20,"column":2},"end":{"line":25,"column":5}},"6":{"start":{"line":33,"column":2},"end":{"line":36,"column":3}},"7":{"start":{"line":34,"column":4},"end":{"line":34,"column":69}},"8":{"start":{"line":35,"column":4},"end":{"line":35,"column":11}},"9":{"start":{"line":38,"column":25},"end":{"line":38,"column":48}},"10":{"start":{"line":39,"column":2},"end":{"line":44,"column":5}},"11":{"start":{"line":47,"column":2},"end":{"line":51,"column":11}},"12":{"start":{"line":48,"column":4},"end":{"line":50,"column":5}},"13":{"start":{"line":49,"column":6},"end":{"line":49,"column":49}},"14":{"start":{"line":58,"column":2},"end":{"line":58,"column":119}},"15":{"start":{"line":65,"column":2},"end":{"line":65,"column":98}},"16":{"start":{"line":69,"column":0},"end":{"line":71,"column":1}},"17":{"start":{"line":70,"column":2},"end":{"line":70,"column":94}}},"fnMap":{"0":{"name":"showError","decl":{"start":{"line":13,"column":9},"end":{"line":13,"column":18}},"loc":{"start":{"line":13,"column":28},"end":{"line":26,"column":1}},"line":13},"1":{"name":"showSuccess","decl":{"start":{"line":32,"column":9},"end":{"line":32,"column":20}},"loc":{"start":{"line":32,"column":30},"end":{"line":52,"column":1}},"line":32},"2":{"name":"(anonymous_2)","decl":{"start":{"line":47,"column":13},"end":{"line":47,"column":14}},"loc":{"start":{"line":47,"column":19},"end":{"line":51,"column":3}},"line":47},"3":{"name":"notifyApiNotSupported","decl":{"start":{"line":57,"column":9},"end":{"line":57,"column":30}},"loc":{"start":{"line":57,"column":33},"end":{"line":59,"column":1}},"line":57},"4":{"name":"notifyContainerNotFound","decl":{"start":{"line":64,"column":9},"end":{"line":64,"column":32}},"loc":{"start":{"line":64,"column":35},"end":{"line":66,"column":1}},"line":64}},"branchMap":{"0":{"loc":{"start":{"line":14,"column":2},"end":{"line":17,"column":3}},"type":"if","locations":[{"start":{"line":14,"column":2},"end":{"line":17,"column":3}},{"start":{},"end":{}}],"line":14},"1":{"loc":{"start":{"line":14,"column":6},"end":{"line":14,"column":60}},"type":"binary-expr","locations":[{"start":{"line":14,"column":6},"end":{"line":14,"column":35}},{"start":{"line":14,"column":39},"end":{"line":14,"column":60}}],"line":14},"2":{"loc":{"start":{"line":33,"column":2},"end":{"line":36,"column":3}},"type":"if","locations":[{"start":{"line":33,"column":2},"end":{"line":36,"column":3}},{"start":{},"end":{}}],"line":33},"3":{"loc":{"start":{"line":33,"column":6},"end":{"line":33,"column":60}},"type":"binary-expr","locations":[{"start":{"line":33,"column":6},"end":{"line":33,"column":35}},{"start":{"line":33,"column":39},"end":{"line":33,"column":60}}],"line":33},"4":{"loc":{"start":{"line":48,"column":4},"end":{"line":50,"column":5}},"type":"if","locations":[{"start":{"line":48,"column":4},"end":{"line":50,"column":5}},{"start":{},"end":{}}],"line":48},"5":{"loc":{"start":{"line":48,"column":8},"end":{"line":48,"column":58}},"type":"binary-expr","locations":[{"start":{"line":48,"column":8},"end":{"line":48,"column":28}},{"start":{"line":48,"column":32},"end":{"line":48,"column":58}}],"line":48},"6":{"loc":{"start":{"line":69,"column":0},"end":{"line":71,"column":1}},"type":"if","locations":[{"start":{"line":69,"column":0},"end":{"line":71,"column":1}},{"start":{},"end":{}}],"line":69},"7":{"loc":{"start":{"line":69,"column":4},"end":{"line":69,"column":51}},"type":"binary-expr","locations":[{"start":{"line":69,"column":4},"end":{"line":69,"column":33}},{"start":{"line":69,"column":37},"end":{"line":69,"column":51}}],"line":69}},"s":{"0":13,"1":18,"2":2,"3":2,"4":16,"5":16,"6":11,"7":0,"8":0,"9":11,"10":11,"11":11,"12":1,"13":0,"14":6,"15":5,"16":13,"17":13},"f":{"0":18,"1":11,"2":1,"3":6,"4":5},"b":{"0":[2,16],"1":[18,17],"2":[0,11],"3":[11,11],"4":[0,1],"5":[1,1],"6":[13,0],"7":[13,13]},"_coverageSchema":"1a1c01bbd47fc00a2c39e90264f33305004495a9","hash":"c3367630fc7103a00b9e2d9db92ae422f210b1a3"}
,"/Users/gradito.tunggulcahyo/Documents/myproject/pip-subtitle/stremio-pip-extension/src/pip-controls.js": {"path":"/Users/gradito.tunggulcahyo/Documents/myproject/pip-subtitle/stremio-pip-extension/src/pip-controls.js","statementMap":{"0":{"start":{"line":16,"column":2},"end":{"line":18,"column":3}},"1":{"start":{"line":17,"column":4},"end":{"line":17,"column":18}},"2":{"start":{"line":19,"column":13},"end":{"line":19,"column":37}},"3":{"start":{"line":20,"column":13},"end":{"line":20,"column":37}},"4":{"start":{"line":21,"column":2},"end":{"line":21,"column":52}},"5":{"start":{"line":29,"column":14},"end":{"line":29,"column":46}},"6":{"start":{"line":30,"column":2},"end":{"line":30,"column":40}},"7":{"start":{"line":32,"column":12},"end":{"line":37,"column":63}},"8":{"start":{"line":39,"column":2},"end":{"line":39,"column":26}},"9":{"start":{"line":40,"column":2},"end":{"line":40,"column":36}},"10":{"start":{"line":49,"column":15},"end":{"line":49,"column":33}},"11":{"start":{"line":50,"column":14},"end":{"line":50,"column":46}},"12":{"start":{"line":52,"column":2},"end":{"line":54,"column":3}},"13":{"start":{"line":53,"column":4},"end":{"line":53,"column":11}},"14":{"start":{"line":57,"column":22},"end":{"line":57,"column":51}},"15":{"start":{"line":58,"column":2},"end":{"line":58,"column":43}},"16":{"start":{"line":60,"column":20},"end":{"line":187,"column":40}},"17":{"start":{"line":189,"column":2},"end":{"line":189,"column":42}},"18":{"start":{"line":190,"column":2},"end":{"line":190,"column":41}},"19":{"start":{"line":193,"column":17},"end":{"line":193,"column":44}},"20":{"start":{"line":194,"column":2},"end":{"line":194,"column":38}},"21":{"start":{"line":195,"column":2},"end":{"line":195,"column":53}},"22":{"start":{"line":198,"column":16},"end":{"line":198,"column":46}},"23":{"start":{"line":199,"column":2},"end":{"line":199,"column":32}},"24":{"start":{"line":200,"column":2},"end":{"line":200,"column":30}},"25":{"start":{"line":201,"column":2},"end":{"line":201,"column":48}},"26":{"start":{"line":202,"column":2},"end":{"line":202,"column":59}},"27":{"start":{"line":203,"column":2},"end":{"line":209,"column":5}},"28":{"start":{"line":204,"column":4},"end":{"line":208,"column":5}},"29":{"start":{"line":205,"column":6},"end":{"line":205,"column":19}},"30":{"start":{"line":207,"column":6},"end":{"line":207,"column":20}},"31":{"start":{"line":210,"column":2},"end":{"line":210,"column":32}},"32":{"start":{"line":213,"column":20},"end":{"line":213,"column":50}},"33":{"start":{"line":214,"column":2},"end":{"line":214,"column":36}},"34":{"start":{"line":215,"column":2},"end":{"line":215,"column":57}},"35":{"start":{"line":216,"column":2},"end":{"line":216,"column":37}},"36":{"start":{"line":217,"column":2},"end":{"line":219,"column":5}},"37":{"start":{"line":218,"column":4},"end":{"line":218,"column":60}},"38":{"start":{"line":220,"column":2},"end":{"line":220,"column":36}},"39":{"start":{"line":223,"column":23},"end":{"line":223,"column":53}},"40":{"start":{"line":224,"column":2},"end":{"line":224,"column":39}},"41":{"start":{"line":225,"column":2},"end":{"line":225,"column":63}},"42":{"start":{"line":226,"column":2},"end":{"line":226,"column":40}},"43":{"start":{"line":227,"column":2},"end":{"line":229,"column":5}},"44":{"start":{"line":228,"column":4},"end":{"line":228,"column":78}},"45":{"start":{"line":230,"column":2},"end":{"line":230,"column":39}},"46":{"start":{"line":233,"column":17},"end":{"line":233,"column":46}},"47":{"start":{"line":234,"column":2},"end":{"line":234,"column":26}},"48":{"start":{"line":235,"column":2},"end":{"line":235,"column":38}},"49":{"start":{"line":236,"column":2},"end":{"line":236,"column":53}},"50":{"start":{"line":237,"column":2},"end":{"line":237,"column":21}},"51":{"start":{"line":238,"column":2},"end":{"line":238,"column":23}},"52":{"start":{"line":239,"column":2},"end":{"line":239,"column":93}},"53":{"start":{"line":240,"column":2},"end":{"line":240,"column":24}},"54":{"start":{"line":241,"column":2},"end":{"line":245,"column":5}},"55":{"start":{"line":242,"column":4},"end":{"line":244,"column":5}},"56":{"start":{"line":243,"column":6},"end":{"line":243,"column":78}},"57":{"start":{"line":246,"column":2},"end":{"line":246,"column":33}},"58":{"start":{"line":249,"column":14},"end":{"line":249,"column":42}},"59":{"start":{"line":250,"column":2},"end":{"line":250,"column":32}},"60":{"start":{"line":251,"column":2},"end":{"line":251,"column":47}},"61":{"start":{"line":252,"column":2},"end":{"line":252,"column":89}},"62":{"start":{"line":253,"column":2},"end":{"line":253,"column":30}},"63":{"start":{"line":256,"column":24},"end":{"line":256,"column":51}},"64":{"start":{"line":257,"column":2},"end":{"line":257,"column":53}},"65":{"start":{"line":260,"column":18},"end":{"line":260,"column":48}},"66":{"start":{"line":261,"column":2},"end":{"line":261,"column":34}},"67":{"start":{"line":262,"column":2},"end":{"line":262,"column":34}},"68":{"start":{"line":263,"column":2},"end":{"line":263,"column":52}},"69":{"start":{"line":264,"column":2},"end":{"line":264,"column":88}},"70":{"start":{"line":265,"column":2},"end":{"line":267,"column":5}},"71":{"start":{"line":266,"column":4},"end":{"line":266,"column":31}},"72":{"start":{"line":268,"column":2},"end":{"line":268,"column":41}},"73":{"start":{"line":271,"column":21},"end":{"line":271,"column":50}},"74":{"start":{"line":272,"column":2},"end":{"line":272,"column":30}},"75":{"start":{"line":273,"column":2},"end":{"line":273,"column":47}},"76":{"start":{"line":274,"column":2},"end":{"line":274,"column":62}},"77":{"start":{"line":275,"column":2},"end":{"line":275,"column":25}},"78":{"start":{"line":276,"column":2},"end":{"line":276,"column":25}},"79":{"start":{"line":277,"column":2},"end":{"line":277,"column":64}},"80":{"start":{"line":278,"column":2},"end":{"line":278,"column":29}},"81":{"start":{"line":279,"column":2},"end":{"line":282,"column":5}},"82":{"start":{"line":280,"column":4},"end":{"line":280,"column":50}},"83":{"start":{"line":281,"column":4},"end":{"line":281,"column":24}},"84":{"start":{"line":283,"column":2},"end":{"line":283,"column":44}},"85":{"start":{"line":285,"column":2},"end":{"line":285,"column":40}},"86":{"start":{"line":288,"column":15},"end":{"line":288,"column":45}},"87":{"start":{"line":289,"column":2},"end":{"line":289,"column":35}},"88":{"start":{"line":290,"column":2},"end":{"line":290,"column":52}},"89":{"start":{"line":291,"column":2},"end":{"line":291,"column":32}},"90":{"start":{"line":292,"column":2},"end":{"line":320,"column":5}},"91":{"start":{"line":293,"column":21},"end":{"line":293,"column":37}},"92":{"start":{"line":294,"column":22},"end":{"line":294,"column":39}},"93":{"start":{"line":296,"column":4},"end":{"line":298,"column":5}},"94":{"start":{"line":297,"column":6},"end":{"line":297,"column":13}},"95":{"start":{"line":300,"column":22},"end":{"line":300,"column":46}},"96":{"start":{"line":301,"column":17},"end":{"line":301,"column":37}},"97":{"start":{"line":302,"column":17},"end":{"line":302,"column":38}},"98":{"start":{"line":303,"column":18},"end":{"line":303,"column":47}},"99":{"start":{"line":304,"column":18},"end":{"line":304,"column":48}},"100":{"start":{"line":305,"column":23},"end":{"line":305,"column":38}},"101":{"start":{"line":307,"column":4},"end":{"line":319,"column":5}},"102":{"start":{"line":308,"column":6},"end":{"line":316,"column":7}},"103":{"start":{"line":310,"column":24},"end":{"line":310,"column":56}},"104":{"start":{"line":311,"column":8},"end":{"line":311,"column":66}},"105":{"start":{"line":312,"column":13},"end":{"line":316,"column":7}},"106":{"start":{"line":314,"column":24},"end":{"line":314,"column":56}},"107":{"start":{"line":315,"column":8},"end":{"line":315,"column":66}},"108":{"start":{"line":321,"column":2},"end":{"line":321,"column":31}},"109":{"start":{"line":324,"column":2},"end":{"line":324,"column":36}},"110":{"start":{"line":327,"column":18},"end":{"line":327,"column":22}},"111":{"start":{"line":330,"column":4},"end":{"line":330,"column":38}},"112":{"start":{"line":331,"column":4},"end":{"line":334,"column":5}},"113":{"start":{"line":332,"column":6},"end":{"line":332,"column":30}},"114":{"start":{"line":333,"column":6},"end":{"line":333,"column":23}},"115":{"start":{"line":338,"column":4},"end":{"line":338,"column":41}},"116":{"start":{"line":342,"column":4},"end":{"line":342,"column":19}},"117":{"start":{"line":343,"column":4},"end":{"line":346,"column":13}},"118":{"start":{"line":344,"column":6},"end":{"line":344,"column":21}},"119":{"start":{"line":345,"column":6},"end":{"line":345,"column":23}},"120":{"start":{"line":351,"column":4},"end":{"line":351,"column":21}},"121":{"start":{"line":355,"column":4},"end":{"line":358,"column":5}},"122":{"start":{"line":356,"column":6},"end":{"line":356,"column":30}},"123":{"start":{"line":357,"column":6},"end":{"line":357,"column":23}},"124":{"start":{"line":359,"column":4},"end":{"line":359,"column":19}},"125":{"start":{"line":363,"column":19},"end":{"line":363,"column":33}},"126":{"start":{"line":364,"column":22},"end":{"line":364,"column":39}},"127":{"start":{"line":366,"column":4},"end":{"line":370,"column":5}},"128":{"start":{"line":367,"column":6},"end":{"line":367,"column":62}},"129":{"start":{"line":369,"column":6},"end":{"line":369,"column":27}},"130":{"start":{"line":372,"column":4},"end":{"line":372,"column":79}},"131":{"start":{"line":376,"column":4},"end":{"line":376,"column":35}},"132":{"start":{"line":380,"column":4},"end":{"line":380,"column":35}},"133":{"start":{"line":384,"column":4},"end":{"line":390,"column":5}},"134":{"start":{"line":385,"column":6},"end":{"line":385,"column":42}},"135":{"start":{"line":386,"column":6},"end":{"line":386,"column":31}},"136":{"start":{"line":388,"column":6},"end":{"line":388,"column":42}},"137":{"start":{"line":389,"column":6},"end":{"line":389,"column":48}},"138":{"start":{"line":394,"column":4},"end":{"line":396,"column":5}},"139":{"start":{"line":395,"column":6},"end":{"line":395,"column":27}},"140":{"start":{"line":400,"column":2},"end":{"line":400,"column":52}},"141":{"start":{"line":401,"column":2},"end":{"line":401,"column":54}},"142":{"start":{"line":402,"column":2},"end":{"line":402,"column":53}},"143":{"start":{"line":403,"column":2},"end":{"line":403,"column":41}},"144":{"start":{"line":404,"column":2},"end":{"line":404,"column":43}},"145":{"start":{"line":405,"column":2},"end":{"line":405,"column":57}},"146":{"start":{"line":406,"column":2},"end":{"line":406,"column":61}},"147":{"start":{"line":410,"column":4},"end":{"line":413,"column":5}},"148":{"start":{"line":411,"column":6},"end":{"line":411,"column":30}},"149":{"start":{"line":412,"column":6},"end":{"line":412,"column":23}},"150":{"start":{"line":414,"column":4},"end":{"line":414,"column":57}},"151":{"start":{"line":415,"column":4},"end":{"line":415,"column":59}},"152":{"start":{"line":416,"column":4},"end":{"line":416,"column":58}},"153":{"start":{"line":417,"column":4},"end":{"line":417,"column":46}},"154":{"start":{"line":418,"column":4},"end":{"line":418,"column":48}},"155":{"start":{"line":419,"column":4},"end":{"line":419,"column":62}},"156":{"start":{"line":420,"column":4},"end":{"line":420,"column":66}},"157":{"start":{"line":424,"column":2},"end":{"line":424,"column":42}},"158":{"start":{"line":427,"column":2},"end":{"line":427,"column":19}},"159":{"start":{"line":430,"column":0},"end":{"line":432,"column":1}},"160":{"start":{"line":431,"column":2},"end":{"line":431,"column":61}}},"fnMap":{"0":{"name":"formatTime","decl":{"start":{"line":15,"column":9},"end":{"line":15,"column":19}},"loc":{"start":{"line":15,"column":29},"end":{"line":22,"column":1}},"line":15},"1":{"name":"hideNativeControls","decl":{"start":{"line":28,"column":9},"end":{"line":28,"column":27}},"loc":{"start":{"line":28,"column":39},"end":{"line":41,"column":1}},"line":28},"2":{"name":"injectPipControls","decl":{"start":{"line":48,"column":9},"end":{"line":48,"column":26}},"loc":{"start":{"line":48,"column":49},"end":{"line":428,"column":1}},"line":48},"3":{"name":"(anonymous_3)","decl":{"start":{"line":203,"column":36},"end":{"line":203,"column":37}},"loc":{"start":{"line":203,"column":47},"end":{"line":209,"column":3}},"line":203},"4":{"name":"(anonymous_4)","decl":{"start":{"line":217,"column":40},"end":{"line":217,"column":41}},"loc":{"start":{"line":217,"column":51},"end":{"line":219,"column":3}},"line":217},"5":{"name":"(anonymous_5)","decl":{"start":{"line":227,"column":43},"end":{"line":227,"column":44}},"loc":{"start":{"line":227,"column":54},"end":{"line":229,"column":3}},"line":227},"6":{"name":"(anonymous_6)","decl":{"start":{"line":241,"column":37},"end":{"line":241,"column":38}},"loc":{"start":{"line":241,"column":48},"end":{"line":245,"column":3}},"line":241},"7":{"name":"(anonymous_7)","decl":{"start":{"line":265,"column":38},"end":{"line":265,"column":39}},"loc":{"start":{"line":265,"column":49},"end":{"line":267,"column":3}},"line":265},"8":{"name":"(anonymous_8)","decl":{"start":{"line":279,"column":41},"end":{"line":279,"column":42}},"loc":{"start":{"line":279,"column":52},"end":{"line":282,"column":3}},"line":279},"9":{"name":"(anonymous_9)","decl":{"start":{"line":292,"column":35},"end":{"line":292,"column":36}},"loc":{"start":{"line":292,"column":46},"end":{"line":320,"column":3}},"line":292},"10":{"name":"showControls","decl":{"start":{"line":329,"column":11},"end":{"line":329,"column":23}},"loc":{"start":{"line":329,"column":26},"end":{"line":335,"column":3}},"line":329},"11":{"name":"hideControls","decl":{"start":{"line":337,"column":11},"end":{"line":337,"column":23}},"loc":{"start":{"line":337,"column":26},"end":{"line":339,"column":3}},"line":337},"12":{"name":"startHideTimer","decl":{"start":{"line":341,"column":11},"end":{"line":341,"column":25}},"loc":{"start":{"line":341,"column":28},"end":{"line":347,"column":3}},"line":341},"13":{"name":"(anonymous_13)","decl":{"start":{"line":343,"column":27},"end":{"line":343,"column":28}},"loc":{"start":{"line":343,"column":38},"end":{"line":346,"column":5}},"line":343},"14":{"name":"onMouseMove","decl":{"start":{"line":350,"column":11},"end":{"line":350,"column":22}},"loc":{"start":{"line":350,"column":25},"end":{"line":352,"column":3}},"line":350},"15":{"name":"onMouseLeave","decl":{"start":{"line":354,"column":11},"end":{"line":354,"column":23}},"loc":{"start":{"line":354,"column":26},"end":{"line":360,"column":3}},"line":354},"16":{"name":"onTimeUpdate","decl":{"start":{"line":362,"column":11},"end":{"line":362,"column":23}},"loc":{"start":{"line":362,"column":26},"end":{"line":373,"column":3}},"line":362},"17":{"name":"onPlay","decl":{"start":{"line":375,"column":11},"end":{"line":375,"column":17}},"loc":{"start":{"line":375,"column":20},"end":{"line":377,"column":3}},"line":375},"18":{"name":"onPause","decl":{"start":{"line":379,"column":11},"end":{"line":379,"column":18}},"loc":{"start":{"line":379,"column":21},"end":{"line":381,"column":3}},"line":379},"19":{"name":"onVolumeChange","decl":{"start":{"line":383,"column":11},"end":{"line":383,"column":25}},"loc":{"start":{"line":383,"column":28},"end":{"line":391,"column":3}},"line":383},"20":{"name":"onLoadedMetadata","decl":{"start":{"line":393,"column":11},"end":{"line":393,"column":27}},"loc":{"start":{"line":393,"column":30},"end":{"line":397,"column":3}},"line":393},"21":{"name":"cleanup","decl":{"start":{"line":409,"column":11},"end":{"line":409,"column":18}},"loc":{"start":{"line":409,"column":21},"end":{"line":421,"column":3}},"line":409}},"branchMap":{"0":{"loc":{"start":{"line":16,"column":2},"end":{"line":18,"column":3}},"type":"if","locations":[{"start":{"line":16,"column":2},"end":{"line":18,"column":3}},{"start":{},"end":{}}],"line":16},"1":{"loc":{"start":{"line":16,"column":6},"end":{"line":16,"column":42}},"type":"binary-expr","locations":[{"start":{"line":16,"column":6},"end":{"line":16,"column":20}},{"start":{"line":16,"column":24},"end":{"line":16,"column":42}}],"line":16},"2":{"loc":{"start":{"line":21,"column":23},"end":{"line":21,"column":43}},"type":"cond-expr","locations":[{"start":{"line":21,"column":35},"end":{"line":21,"column":38}},{"start":{"line":21,"column":41},"end":{"line":21,"column":43}}],"line":21},"3":{"loc":{"start":{"line":52,"column":2},"end":{"line":54,"column":3}},"type":"if","locations":[{"start":{"line":52,"column":2},"end":{"line":54,"column":3}},{"start":{},"end":{}}],"line":52},"4":{"loc":{"start":{"line":202,"column":24},"end":{"line":202,"column":58}},"type":"cond-expr","locations":[{"start":{"line":202,"column":39},"end":{"line":202,"column":47}},{"start":{"line":202,"column":50},"end":{"line":202,"column":58}}],"line":202},"5":{"loc":{"start":{"line":204,"column":4},"end":{"line":208,"column":5}},"type":"if","locations":[{"start":{"line":204,"column":4},"end":{"line":208,"column":5}},{"start":{"line":206,"column":11},"end":{"line":208,"column":5}}],"line":204},"6":{"loc":{"start":{"line":228,"column":33},"end":{"line":228,"column":52}},"type":"binary-expr","locations":[{"start":{"line":228,"column":33},"end":{"line":228,"column":47}},{"start":{"line":228,"column":51},"end":{"line":228,"column":52}}],"line":228},"7":{"loc":{"start":{"line":239,"column":19},"end":{"line":239,"column":92}},"type":"cond-expr","locations":[{"start":{"line":239,"column":36},"end":{"line":239,"column":86}},{"start":{"line":239,"column":89},"end":{"line":239,"column":92}}],"line":239},"8":{"loc":{"start":{"line":242,"column":4},"end":{"line":244,"column":5}},"type":"if","locations":[{"start":{"line":242,"column":4},"end":{"line":244,"column":5}},{"start":{},"end":{}}],"line":242},"9":{"loc":{"start":{"line":264,"column":26},"end":{"line":264,"column":87}},"type":"cond-expr","locations":[{"start":{"line":264,"column":62},"end":{"line":264,"column":73}},{"start":{"line":264,"column":76},"end":{"line":264,"column":87}}],"line":264},"10":{"loc":{"start":{"line":264,"column":26},"end":{"line":264,"column":59}},"type":"binary-expr","locations":[{"start":{"line":264,"column":26},"end":{"line":264,"column":37}},{"start":{"line":264,"column":41},"end":{"line":264,"column":59}}],"line":264},"11":{"loc":{"start":{"line":277,"column":23},"end":{"line":277,"column":63}},"type":"cond-expr","locations":[{"start":{"line":277,"column":37},"end":{"line":277,"column":40}},{"start":{"line":277,"column":43},"end":{"line":277,"column":63}}],"line":277},"12":{"loc":{"start":{"line":296,"column":4},"end":{"line":298,"column":5}},"type":"if","locations":[{"start":{"line":296,"column":4},"end":{"line":298,"column":5}},{"start":{},"end":{}}],"line":296},"13":{"loc":{"start":{"line":296,"column":8},"end":{"line":296,"column":35}},"type":"binary-expr","locations":[{"start":{"line":296,"column":8},"end":{"line":296,"column":19}},{"start":{"line":296,"column":23},"end":{"line":296,"column":35}}],"line":296},"14":{"loc":{"start":{"line":308,"column":6},"end":{"line":316,"column":7}},"type":"if","locations":[{"start":{"line":308,"column":6},"end":{"line":316,"column":7}},{"start":{"line":312,"column":13},"end":{"line":316,"column":7}}],"line":308},"15":{"loc":{"start":{"line":312,"column":13},"end":{"line":316,"column":7}},"type":"if","locations":[{"start":{"line":312,"column":13},"end":{"line":316,"column":7}},{"start":{},"end":{}}],"line":312},"16":{"loc":{"start":{"line":331,"column":4},"end":{"line":334,"column":5}},"type":"if","locations":[{"start":{"line":331,"column":4},"end":{"line":334,"column":5}},{"start":{},"end":{}}],"line":331},"17":{"loc":{"start":{"line":355,"column":4},"end":{"line":358,"column":5}},"type":"if","locations":[{"start":{"line":355,"column":4},"end":{"line":358,"column":5}},{"start":{},"end":{}}],"line":355},"18":{"loc":{"start":{"line":366,"column":4},"end":{"line":370,"column":5}},"type":"if","locations":[{"start":{"line":366,"column":4},"end":{"line":370,"column":5}},{"start":{"line":368,"column":11},"end":{"line":370,"column":5}}],"line":366},"19":{"loc":{"start":{"line":366,"column":8},"end":{"line":366,"column":58}},"type":"binary-expr","locations":[{"start":{"line":366,"column":8},"end":{"line":366,"column":16}},{"start":{"line":366,"column":20},"end":{"line":366,"column":36}},{"start":{"line":366,"column":40},"end":{"line":366,"column":58}}],"line":366},"20":{"loc":{"start":{"line":384,"column":4},"end":{"line":390,"column":5}},"type":"if","locations":[{"start":{"line":384,"column":4},"end":{"line":390,"column":5}},{"start":{"line":387,"column":11},"end":{"line":390,"column":5}}],"line":384},"21":{"loc":{"start":{"line":384,"column":8},"end":{"line":384,"column":41}},"type":"binary-expr","locations":[{"start":{"line":384,"column":8},"end":{"line":384,"column":19}},{"start":{"line":384,"column":23},"end":{"line":384,"column":41}}],"line":384},"22":{"loc":{"start":{"line":394,"column":4},"end":{"line":396,"column":5}},"type":"if","locations":[{"start":{"line":394,"column":4},"end":{"line":396,"column":5}},{"start":{},"end":{}}],"line":394},"23":{"loc":{"start":{"line":410,"column":4},"end":{"line":413,"column":5}},"type":"if","locations":[{"start":{"line":410,"column":4},"end":{"line":413,"column":5}},{"start":{},"end":{}}],"line":410},"24":{"loc":{"start":{"line":430,"column":0},"end":{"line":432,"column":1}},"type":"if","locations":[{"start":{"line":430,"column":0},"end":{"line":432,"column":1}},{"start":{},"end":{}}],"line":430},"25":{"loc":{"start":{"line":430,"column":4},"end":{"line":430,"column":51}},"type":"binary-expr","locations":[{"start":{"line":430,"column":4},"end":{"line":430,"column":33}},{"start":{"line":430,"column":37},"end":{"line":430,"column":51}}],"line":430}},"s":{"0":84,"1":6,"2":78,"3":78,"4":78,"5":13,"6":13,"7":13,"8":13,"9":13,"10":42,"11":42,"12":42,"13":1,"14":41,"15":41,"16":41,"17":41,"18":41,"19":41,"20":41,"21":41,"22":41,"23":41,"24":41,"25":41,"26":41,"27":41,"28":2,"29":1,"30":1,"31":41,"32":41,"33":41,"34":41,"35":41,"36":41,"37":2,"38":41,"39":41,"40":41,"41":41,"42":41,"43":41,"44":2,"45":41,"46":41,"47":41,"48":41,"49":41,"50":41,"51":41,"52":41,"53":41,"54":41,"55":1,"56":1,"57":41,"58":41,"59":41,"60":41,"61":41,"62":41,"63":41,"64":41,"65":41,"66":41,"67":41,"68":41,"69":41,"70":41,"71":1,"72":41,"73":41,"74":41,"75":41,"76":41,"77":41,"78":41,"79":41,"80":41,"81":41,"82":1,"83":1,"84":41,"85":41,"86":41,"87":41,"88":41,"89":41,"90":41,"91":5,"92":5,"93":5,"94":1,"95":4,"96":4,"97":4,"98":4,"99":4,"100":4,"101":4,"102":4,"103":1,"104":1,"105":3,"106":2,"107":2,"108":41,"109":41,"110":41,"111":42,"112":42,"113":0,"114":0,"115":3,"116":42,"117":42,"118":2,"119":2,"120":1,"121":1,"122":1,"123":1,"124":1,"125":1,"126":1,"127":1,"128":1,"129":0,"130":1,"131":1,"132":1,"133":2,"134":1,"135":1,"136":1,"137":1,"138":1,"139":1,"140":41,"141":41,"142":41,"143":41,"144":41,"145":41,"146":41,"147":2,"148":2,"149":2,"150":2,"151":2,"152":2,"153":2,"154":2,"155":2,"156":2,"157":41,"158":41,"159":2,"160":2},"f":{"0":84,"1":13,"2":42,"3":2,"4":2,"5":2,"6":1,"7":1,"8":1,"9":5,"10":42,"11":3,"12":42,"13":2,"14":1,"15":1,"16":1,"17":1,"18":1,"19":2,"20":1,"21":2},"b":{"0":[6,78],"1":[84,78],"2":[77,1],"3":[1,41],"4":[39,2],"5":[1,1],"6":[2,0],"7":[35,6],"8":[1,0],"9":[1,40],"10":[41,40],"11":[1,40],"12":[1,4],"13":[5,4],"14":[1,3],"15":[2,1],"16":[0,42],"17":[1,0],"18":[1,0],"19":[1,1,1],"20":[1,1],"21":[2,1],"22":[1,0],"23":[2,0],"24":[2,0],"25":[2,2]},"_coverageSchema":"1a1c01bbd47fc00a2c39e90264f33305004495a9","hash":"8cdab8c0ad9b40ca1beb0591de1ed90efe6f6a69"}
,"/Users/gradito.tunggulcahyo/Documents/myproject/pip-subtitle/stremio-pip-extension/src/pip-manager.js": {"path":"/Users/gradito.tunggulcahyo/Documents/myproject/pip-subtitle/stremio-pip-extension/src/pip-manager.js","statementMap":{"0":{"start":{"line":11,"column":21},"end":{"line":11,"column":25}},"1":{"start":{"line":19,"column":2},"end":{"line":21,"column":3}},"2":{"start":{"line":20,"column":4},"end":{"line":20,"column":45}},"3":{"start":{"line":23,"column":2},"end":{"line":25,"column":3}},"4":{"start":{"line":24,"column":4},"end":{"line":24,"column":69}},"5":{"start":{"line":28,"column":2},"end":{"line":28,"column":43}},"6":{"start":{"line":30,"column":2},"end":{"line":57,"column":3}},"7":{"start":{"line":32,"column":22},"end":{"line":35,"column":6}},"8":{"start":{"line":38,"column":4},"end":{"line":38,"column":46}},"9":{"start":{"line":41,"column":4},"end":{"line":50,"column":23}},"10":{"start":{"line":43,"column":6},"end":{"line":45,"column":7}},"11":{"start":{"line":44,"column":8},"end":{"line":44,"column":40}},"12":{"start":{"line":46,"column":6},"end":{"line":48,"column":7}},"13":{"start":{"line":47,"column":8},"end":{"line":47,"column":41}},"14":{"start":{"line":49,"column":6},"end":{"line":49,"column":28}},"15":{"start":{"line":52,"column":4},"end":{"line":52,"column":21}},"16":{"start":{"line":55,"column":4},"end":{"line":55,"column":26}},"17":{"start":{"line":56,"column":4},"end":{"line":56,"column":16}},"18":{"start":{"line":64,"column":2},"end":{"line":66,"column":3}},"19":{"start":{"line":65,"column":4},"end":{"line":65,"column":55}},"20":{"start":{"line":75,"column":2},"end":{"line":82,"column":3}},"21":{"start":{"line":76,"column":4},"end":{"line":76,"column":15}},"22":{"start":{"line":78,"column":4},"end":{"line":80,"column":5}},"23":{"start":{"line":79,"column":6},"end":{"line":79,"column":59}},"24":{"start":{"line":81,"column":4},"end":{"line":81,"column":29}},"25":{"start":{"line":86,"column":0},"end":{"line":88,"column":1}},"26":{"start":{"line":87,"column":2},"end":{"line":87,"column":52}}},"fnMap":{"0":{"name":"openPiP","decl":{"start":{"line":18,"column":15},"end":{"line":18,"column":22}},"loc":{"start":{"line":18,"column":34},"end":{"line":58,"column":1}},"line":18},"1":{"name":"(anonymous_1)","decl":{"start":{"line":41,"column":43},"end":{"line":41,"column":44}},"loc":{"start":{"line":41,"column":49},"end":{"line":50,"column":5}},"line":41},"2":{"name":"closePiP","decl":{"start":{"line":63,"column":9},"end":{"line":63,"column":17}},"loc":{"start":{"line":63,"column":20},"end":{"line":67,"column":1}},"line":63},"3":{"name":"togglePiP","decl":{"start":{"line":74,"column":15},"end":{"line":74,"column":24}},"loc":{"start":{"line":74,"column":36},"end":{"line":83,"column":1}},"line":74}},"branchMap":{"0":{"loc":{"start":{"line":19,"column":2},"end":{"line":21,"column":3}},"type":"if","locations":[{"start":{"line":19,"column":2},"end":{"line":21,"column":3}},{"start":{},"end":{}}],"line":19},"1":{"loc":{"start":{"line":23,"column":2},"end":{"line":25,"column":3}},"type":"if","locations":[{"start":{"line":23,"column":2},"end":{"line":25,"column":3}},{"start":{},"end":{}}],"line":23},"2":{"loc":{"start":{"line":43,"column":6},"end":{"line":45,"column":7}},"type":"if","locations":[{"start":{"line":43,"column":6},"end":{"line":45,"column":7}},{"start":{},"end":{}}],"line":43},"3":{"loc":{"start":{"line":46,"column":6},"end":{"line":48,"column":7}},"type":"if","locations":[{"start":{"line":46,"column":6},"end":{"line":48,"column":7}},{"start":{},"end":{}}],"line":46},"4":{"loc":{"start":{"line":64,"column":2},"end":{"line":66,"column":3}},"type":"if","locations":[{"start":{"line":64,"column":2},"end":{"line":66,"column":3}},{"start":{},"end":{}}],"line":64},"5":{"loc":{"start":{"line":64,"column":6},"end":{"line":64,"column":87}},"type":"binary-expr","locations":[{"start":{"line":64,"column":6},"end":{"line":64,"column":41}},{"start":{"line":64,"column":45},"end":{"line":64,"column":87}}],"line":64},"6":{"loc":{"start":{"line":75,"column":2},"end":{"line":82,"column":3}},"type":"if","locations":[{"start":{"line":75,"column":2},"end":{"line":82,"column":3}},{"start":{"line":77,"column":9},"end":{"line":82,"column":3}}],"line":75},"7":{"loc":{"start":{"line":75,"column":6},"end":{"line":75,"column":87}},"type":"binary-expr","locations":[{"start":{"line":75,"column":6},"end":{"line":75,"column":41}},{"start":{"line":75,"column":45},"end":{"line":75,"column":87}}],"line":75},"8":{"loc":{"start":{"line":78,"column":4},"end":{"line":80,"column":5}},"type":"if","locations":[{"start":{"line":78,"column":4},"end":{"line":80,"column":5}},{"start":{},"end":{}}],"line":78},"9":{"loc":{"start":{"line":86,"column":0},"end":{"line":88,"column":1}},"type":"if","locations":[{"start":{"line":86,"column":0},"end":{"line":88,"column":1}},{"start":{},"end":{}}],"line":86},"10":{"loc":{"start":{"line":86,"column":4},"end":{"line":86,"column":51}},"type":"binary-expr","locations":[{"start":{"line":86,"column":4},"end":{"line":86,"column":33}},{"start":{"line":86,"column":37},"end":{"line":86,"column":51}}],"line":86}},"s":{"0":13,"1":28,"2":2,"3":26,"4":2,"5":24,"6":24,"7":24,"8":20,"9":20,"10":3,"11":1,"12":3,"13":3,"14":3,"15":20,"16":4,"17":4,"18":7,"19":6,"20":7,"21":3,"22":4,"23":1,"24":3,"25":13,"26":13},"f":{"0":28,"1":3,"2":7,"3":7},"b":{"0":[2,26],"1":[2,24],"2":[1,2],"3":[3,0],"4":[6,1],"5":[7,7],"6":[3,4],"7":[7,7],"8":[1,3],"9":[13,0],"10":[13,13]},"_coverageSchema":"1a1c01bbd47fc00a2c39e90264f33305004495a9","hash":"b075e46d4b526e080dd7e22fac904d1d4bfe1c72"}
}
