{"/Users/gradito.tunggulcahyo/Documents/myproject/pip-subtitle/stremio-pip-extension/src/css-sync.js": {"path":"/Users/gradito.tunggulcahyo/Documents/myproject/pip-subtitle/stremio-pip-extension/src/css-sync.js","statementMap":{"0":{"start":{"line":16,"column":21},"end":{"line":16,"column":30}},"1":{"start":{"line":19,"column":22},"end":{"line":19,"column":42}},"2":{"start":{"line":21,"column":2},"end":{"line":62,"column":3}},"3":{"start":{"line":21,"column":15},"end":{"line":21,"column":16}},"4":{"start":{"line":22,"column":23},"end":{"line":22,"column":37}},"5":{"start":{"line":25,"column":4},"end":{"line":61,"column":5}},"6":{"start":{"line":27,"column":6},"end":{"line":27,"column":52}},"7":{"start":{"line":27,"column":43},"end":{"line":27,"column":52}},"8":{"start":{"line":28,"column":6},"end":{"line":28,"column":38}},"9":{"start":{"line":31,"column":19},"end":{"line":31,"column":50}},"10":{"start":{"line":32,"column":6},"end":{"line":32,"column":30}},"11":{"start":{"line":33,"column":6},"end":{"line":33,"column":48}},"12":{"start":{"line":34,"column":6},"end":{"line":34,"column":34}},"13":{"start":{"line":36,"column":6},"end":{"line":38,"column":7}},"14":{"start":{"line":37,"column":8},"end":{"line":37,"column":38}},"15":{"start":{"line":40,"column":6},"end":{"line":40,"column":39}},"16":{"start":{"line":43,"column":6},"end":{"line":60,"column":7}},"17":{"start":{"line":44,"column":25},"end":{"line":44,"column":44}},"18":{"start":{"line":46,"column":8},"end":{"line":56,"column":9}},"19":{"start":{"line":48,"column":26},"end":{"line":50,"column":21}},"20":{"start":{"line":49,"column":25},"end":{"line":49,"column":37}},"21":{"start":{"line":53,"column":24},"end":{"line":53,"column":56}},"22":{"start":{"line":54,"column":10},"end":{"line":54,"column":38}},"23":{"start":{"line":55,"column":10},"end":{"line":55,"column":44}},"24":{"start":{"line":66,"column":23},"end":{"line":66,"column":74}},"25":{"start":{"line":67,"column":2},"end":{"line":82,"column":5}},"26":{"start":{"line":69,"column":4},"end":{"line":69,"column":44}},"27":{"start":{"line":69,"column":37},"end":{"line":69,"column":44}},"28":{"start":{"line":70,"column":4},"end":{"line":70,"column":32}},"29":{"start":{"line":72,"column":17},"end":{"line":72,"column":48}},"30":{"start":{"line":73,"column":4},"end":{"line":73,"column":28}},"31":{"start":{"line":74,"column":4},"end":{"line":74,"column":42}},"32":{"start":{"line":75,"column":4},"end":{"line":75,"column":28}},"33":{"start":{"line":77,"column":4},"end":{"line":79,"column":5}},"34":{"start":{"line":78,"column":6},"end":{"line":78,"column":32}},"35":{"start":{"line":81,"column":4},"end":{"line":81,"column":37}},"36":{"start":{"line":86,"column":0},"end":{"line":88,"column":1}},"37":{"start":{"line":87,"column":2},"end":{"line":87,"column":39}}},"fnMap":{"0":{"name":"copyStylesheets","decl":{"start":{"line":14,"column":9},"end":{"line":14,"column":24}},"loc":{"start":{"line":14,"column":36},"end":{"line":83,"column":1}},"line":14},"1":{"name":"(anonymous_1)","decl":{"start":{"line":49,"column":17},"end":{"line":49,"column":18}},"loc":{"start":{"line":49,"column":25},"end":{"line":49,"column":37}},"line":49},"2":{"name":"(anonymous_2)","decl":{"start":{"line":67,"column":23},"end":{"line":67,"column":24}},"loc":{"start":{"line":67,"column":35},"end":{"line":82,"column":3}},"line":67}},"branchMap":{"0":{"loc":{"start":{"line":25,"column":4},"end":{"line":61,"column":5}},"type":"if","locations":[{"start":{"line":25,"column":4},"end":{"line":61,"column":5}},{"start":{"line":41,"column":11},"end":{"line":61,"column":5}}],"line":25},"1":{"loc":{"start":{"line":27,"column":6},"end":{"line":27,"column":52}},"type":"if","locations":[{"start":{"line":27,"column":6},"end":{"line":27,"column":52}},{"start":{},"end":{}}],"line":27},"2":{"loc":{"start":{"line":33,"column":18},"end":{"line":33,"column":47}},"type":"binary-expr","locations":[{"start":{"line":33,"column":18},"end":{"line":33,"column":33}},{"start":{"line":33,"column":37},"end":{"line":33,"column":47}}],"line":33},"3":{"loc":{"start":{"line":36,"column":6},"end":{"line":38,"column":7}},"type":"if","locations":[{"start":{"line":36,"column":6},"end":{"line":38,"column":7}},{"start":{},"end":{}}],"line":36},"4":{"loc":{"start":{"line":46,"column":8},"end":{"line":56,"column":9}},"type":"if","locations":[{"start":{"line":46,"column":8},"end":{"line":56,"column":9}},{"start":{},"end":{}}],"line":46},"5":{"loc":{"start":{"line":46,"column":12},"end":{"line":46,"column":43}},"type":"binary-expr","locations":[{"start":{"line":46,"column":12},"end":{"line":46,"column":20}},{"start":{"line":46,"column":24},"end":{"line":46,"column":43}}],"line":46},"6":{"loc":{"start":{"line":69,"column":4},"end":{"line":69,"column":44}},"type":"if","locations":[{"start":{"line":69,"column":4},"end":{"line":69,"column":44}},{"start":{},"end":{}}],"line":69},"7":{"loc":{"start":{"line":74,"column":16},"end":{"line":74,"column":41}},"type":"binary-expr","locations":[{"start":{"line":74,"column":16},"end":{"line":74,"column":27}},{"start":{"line":74,"column":31},"end":{"line":74,"column":41}}],"line":74},"8":{"loc":{"start":{"line":77,"column":4},"end":{"line":79,"column":5}},"type":"if","locations":[{"start":{"line":77,"column":4},"end":{"line":79,"column":5}},{"start":{},"end":{}}],"line":77},"9":{"loc":{"start":{"line":86,"column":0},"end":{"line":88,"column":1}},"type":"if","locations":[{"start":{"line":86,"column":0},"end":{"line":88,"column":1}},{"start":{},"end":{}}],"line":86},"10":{"loc":{"start":{"line":86,"column":4},"end":{"line":86,"column":51}},"type":"binary-expr","locations":[{"start":{"line":86,"column":4},"end":{"line":86,"column":33}},{"start":{"line":86,"column":37},"end":{"line":86,"column":51}}],"line":86}},"s":{"0":12,"1":12,"2":12,"3":12,"4":8,"5":8,"6":0,"7":0,"8":0,"9":0,"10":0,"11":0,"12":0,"13":0,"14":0,"15":0,"16":8,"17":8,"18":8,"19":6,"20":6,"21":6,"22":6,"23":6,"24":12,"25":12,"26":5,"27":0,"28":5,"29":5,"30":5,"31":5,"32":5,"33":5,"34":1,"35":5,"36":1,"37":1},"f":{"0":12,"1":6,"2":5},"b":{"0":[0,8],"1":[0,0],"2":[0,0],"3":[0,0],"4":[6,2],"5":[8,8],"6":[0,5],"7":[5,4],"8":[1,4],"9":[1,0],"10":[1,1]},"_coverageSchema":"1a1c01bbd47fc00a2c39e90264f33305004495a9","hash":"600d1f96f1573c46b2005341010a1cabcb648e7c"}
,"/Users/gradito.tunggulcahyo/Documents/myproject/pip-subtitle/stremio-pip-extension/src/dom-detector.js": {"path":"/Users/gradito.tunggulcahyo/Documents/myproject/pip-subtitle/stremio-pip-extension/src/dom-detector.js","statementMap":{"0":{"start":{"line":16,"column":20},"end":{"line":20,"column":3}},"1":{"start":{"line":22,"column":2},"end":{"line":30,"column":3}},"2":{"start":{"line":23,"column":21},"end":{"line":23,"column":56}},"3":{"start":{"line":24,"column":4},"end":{"line":29,"column":5}},"4":{"start":{"line":26,"column":6},"end":{"line":28,"column":7}},"5":{"start":{"line":27,"column":8},"end":{"line":27,"column":18}},"6":{"start":{"line":33,"column":16},"end":{"line":33,"column":47}},"7":{"start":{"line":34,"column":2},"end":{"line":36,"column":3}},"8":{"start":{"line":35,"column":4},"end":{"line":35,"column":16}},"9":{"start":{"line":39,"column":18},"end":{"line":39,"column":37}},"10":{"start":{"line":40,"column":2},"end":{"line":63,"column":3}},"11":{"start":{"line":42,"column":31},"end":{"line":56,"column":6}},"12":{"start":{"line":44,"column":6},"end":{"line":44,"column":40}},"13":{"start":{"line":44,"column":27},"end":{"line":44,"column":40}},"14":{"start":{"line":47,"column":20},"end":{"line":47,"column":43}},"15":{"start":{"line":48,"column":20},"end":{"line":48,"column":37}},"16":{"start":{"line":49,"column":23},"end":{"line":49,"column":92}},"17":{"start":{"line":50,"column":21},"end":{"line":50,"column":87}},"18":{"start":{"line":53,"column":6},"end":{"line":55,"column":86}},"19":{"start":{"line":58,"column":4},"end":{"line":60,"column":5}},"20":{"start":{"line":59,"column":6},"end":{"line":59,"column":23}},"21":{"start":{"line":62,"column":4},"end":{"line":62,"column":40}},"22":{"start":{"line":65,"column":2},"end":{"line":65,"column":14}},"23":{"start":{"line":69,"column":0},"end":{"line":71,"column":1}},"24":{"start":{"line":70,"column":2},"end":{"line":70,"column":42}}},"fnMap":{"0":{"name":"findVideoContainer","decl":{"start":{"line":13,"column":9},"end":{"line":13,"column":27}},"loc":{"start":{"line":13,"column":30},"end":{"line":66,"column":1}},"line":13},"1":{"name":"(anonymous_1)","decl":{"start":{"line":42,"column":67},"end":{"line":42,"column":68}},"loc":{"start":{"line":42,"column":76},"end":{"line":56,"column":5}},"line":42}},"branchMap":{"0":{"loc":{"start":{"line":26,"column":6},"end":{"line":28,"column":7}},"type":"if","locations":[{"start":{"line":26,"column":6},"end":{"line":28,"column":7}},{"start":{},"end":{}}],"line":26},"1":{"loc":{"start":{"line":34,"column":2},"end":{"line":36,"column":3}},"type":"if","locations":[{"start":{"line":34,"column":2},"end":{"line":36,"column":3}},{"start":{},"end":{}}],"line":34},"2":{"loc":{"start":{"line":40,"column":9},"end":{"line":40,"column":91}},"type":"binary-expr","locations":[{"start":{"line":40,"column":9},"end":{"line":40,"column":18}},{"start":{"line":40,"column":22},"end":{"line":40,"column":49}},{"start":{"line":40,"column":53},"end":{"line":40,"column":91}}],"line":40},"3":{"loc":{"start":{"line":44,"column":6},"end":{"line":44,"column":40}},"type":"if","locations":[{"start":{"line":44,"column":6},"end":{"line":44,"column":40}},{"start":{},"end":{}}],"line":44},"4":{"loc":{"start":{"line":48,"column":20},"end":{"line":48,"column":37}},"type":"binary-expr","locations":[{"start":{"line":48,"column":20},"end":{"line":48,"column":31}},{"start":{"line":48,"column":35},"end":{"line":48,"column":37}}],"line":48},"5":{"loc":{"start":{"line":49,"column":23},"end":{"line":49,"column":92}},"type":"binary-expr","locations":[{"start":{"line":49,"column":23},"end":{"line":49,"column":37}},{"start":{"line":49,"column":41},"end":{"line":49,"column":92}}],"line":49},"6":{"loc":{"start":{"line":50,"column":21},"end":{"line":50,"column":87}},"type":"binary-expr","locations":[{"start":{"line":50,"column":21},"end":{"line":50,"column":33}},{"start":{"line":50,"column":37},"end":{"line":50,"column":87}}],"line":50},"7":{"loc":{"start":{"line":53,"column":13},"end":{"line":55,"column":85}},"type":"binary-expr","locations":[{"start":{"line":53,"column":13},"end":{"line":53,"column":18}},{"start":{"line":54,"column":14},"end":{"line":54,"column":37}},{"start":{"line":54,"column":42},"end":{"line":54,"column":70}},{"start":{"line":54,"column":74},"end":{"line":54,"column":103}},{"start":{"line":55,"column":14},"end":{"line":55,"column":28}},{"start":{"line":55,"column":33},"end":{"line":55,"column":59}},{"start":{"line":55,"column":63},"end":{"line":55,"column":83}}],"line":53},"8":{"loc":{"start":{"line":58,"column":4},"end":{"line":60,"column":5}},"type":"if","locations":[{"start":{"line":58,"column":4},"end":{"line":60,"column":5}},{"start":{},"end":{}}],"line":58},"9":{"loc":{"start":{"line":69,"column":0},"end":{"line":71,"column":1}},"type":"if","locations":[{"start":{"line":69,"column":0},"end":{"line":71,"column":1}},{"start":{},"end":{}}],"line":69},"10":{"loc":{"start":{"line":69,"column":4},"end":{"line":69,"column":51}},"type":"binary-expr","locations":[{"start":{"line":69,"column":4},"end":{"line":69,"column":33}},{"start":{"line":69,"column":37},"end":{"line":69,"column":51}}],"line":69}},"s":{"0":11,"1":11,"2":25,"3":25,"4":5,"5":5,"6":6,"7":6,"8":3,"9":3,"10":3,"11":2,"12":4,"13":2,"14":2,"15":2,"16":2,"17":2,"18":2,"19":2,"20":2,"21":0,"22":1,"23":1,"24":1},"f":{"0":11,"1":4},"b":{"0":[5,0],"1":[3,3],"2":[3,3,2],"3":[2,2],"4":[2,0],"5":[2,0],"6":[2,0],"7":[2,2,0,0,2,0,0],"8":[2,0],"9":[1,0],"10":[1,1]},"_coverageSchema":"1a1c01bbd47fc00a2c39e90264f33305004495a9","hash":"a9a9ec5416ded9ec2af67817b652d48b780d1a53"}
,"/Users/gradito.tunggulcahyo/Documents/myproject/pip-subtitle/stremio-pip-extension/src/pip-manager.js": {"path":"/Users/gradito.tunggulcahyo/Documents/myproject/pip-subtitle/stremio-pip-extension/src/pip-manager.js","statementMap":{"0":{"start":{"line":11,"column":21},"end":{"line":11,"column":25}},"1":{"start":{"line":19,"column":2},"end":{"line":21,"column":3}},"2":{"start":{"line":20,"column":4},"end":{"line":20,"column":45}},"3":{"start":{"line":23,"column":2},"end":{"line":25,"column":3}},"4":{"start":{"line":24,"column":4},"end":{"line":24,"column":69}},"5":{"start":{"line":28,"column":2},"end":{"line":28,"column":43}},"6":{"start":{"line":31,"column":20},"end":{"line":34,"column":4}},"7":{"start":{"line":37,"column":2},"end":{"line":37,"column":44}},"8":{"start":{"line":40,"column":2},"end":{"line":45,"column":5}},"9":{"start":{"line":41,"column":4},"end":{"line":43,"column":5}},"10":{"start":{"line":42,"column":6},"end":{"line":42,"column":39}},"11":{"start":{"line":44,"column":4},"end":{"line":44,"column":26}},"12":{"start":{"line":47,"column":2},"end":{"line":47,"column":19}},"13":{"start":{"line":54,"column":2},"end":{"line":56,"column":3}},"14":{"start":{"line":55,"column":4},"end":{"line":55,"column":55}},"15":{"start":{"line":65,"column":2},"end":{"line":72,"column":3}},"16":{"start":{"line":66,"column":4},"end":{"line":66,"column":15}},"17":{"start":{"line":68,"column":4},"end":{"line":70,"column":5}},"18":{"start":{"line":69,"column":6},"end":{"line":69,"column":59}},"19":{"start":{"line":71,"column":4},"end":{"line":71,"column":29}},"20":{"start":{"line":76,"column":0},"end":{"line":78,"column":1}},"21":{"start":{"line":77,"column":2},"end":{"line":77,"column":52}}},"fnMap":{"0":{"name":"openPiP","decl":{"start":{"line":18,"column":15},"end":{"line":18,"column":22}},"loc":{"start":{"line":18,"column":34},"end":{"line":48,"column":1}},"line":18},"1":{"name":"(anonymous_1)","decl":{"start":{"line":40,"column":41},"end":{"line":40,"column":42}},"loc":{"start":{"line":40,"column":47},"end":{"line":45,"column":3}},"line":40},"2":{"name":"closePiP","decl":{"start":{"line":53,"column":9},"end":{"line":53,"column":17}},"loc":{"start":{"line":53,"column":20},"end":{"line":57,"column":1}},"line":53},"3":{"name":"togglePiP","decl":{"start":{"line":64,"column":15},"end":{"line":64,"column":24}},"loc":{"start":{"line":64,"column":36},"end":{"line":73,"column":1}},"line":64}},"branchMap":{"0":{"loc":{"start":{"line":19,"column":2},"end":{"line":21,"column":3}},"type":"if","locations":[{"start":{"line":19,"column":2},"end":{"line":21,"column":3}},{"start":{},"end":{}}],"line":19},"1":{"loc":{"start":{"line":23,"column":2},"end":{"line":25,"column":3}},"type":"if","locations":[{"start":{"line":23,"column":2},"end":{"line":25,"column":3}},{"start":{},"end":{}}],"line":23},"2":{"loc":{"start":{"line":41,"column":4},"end":{"line":43,"column":5}},"type":"if","locations":[{"start":{"line":41,"column":4},"end":{"line":43,"column":5}},{"start":{},"end":{}}],"line":41},"3":{"loc":{"start":{"line":54,"column":2},"end":{"line":56,"column":3}},"type":"if","locations":[{"start":{"line":54,"column":2},"end":{"line":56,"column":3}},{"start":{},"end":{}}],"line":54},"4":{"loc":{"start":{"line":54,"column":6},"end":{"line":54,"column":87}},"type":"binary-expr","locations":[{"start":{"line":54,"column":6},"end":{"line":54,"column":41}},{"start":{"line":54,"column":45},"end":{"line":54,"column":87}}],"line":54},"5":{"loc":{"start":{"line":65,"column":2},"end":{"line":72,"column":3}},"type":"if","locations":[{"start":{"line":65,"column":2},"end":{"line":72,"column":3}},{"start":{"line":67,"column":9},"end":{"line":72,"column":3}}],"line":65},"6":{"loc":{"start":{"line":65,"column":6},"end":{"line":65,"column":87}},"type":"binary-expr","locations":[{"start":{"line":65,"column":6},"end":{"line":65,"column":41}},{"start":{"line":65,"column":45},"end":{"line":65,"column":87}}],"line":65},"7":{"loc":{"start":{"line":68,"column":4},"end":{"line":70,"column":5}},"type":"if","locations":[{"start":{"line":68,"column":4},"end":{"line":70,"column":5}},{"start":{},"end":{}}],"line":68},"8":{"loc":{"start":{"line":76,"column":0},"end":{"line":78,"column":1}},"type":"if","locations":[{"start":{"line":76,"column":0},"end":{"line":78,"column":1}},{"start":{},"end":{}}],"line":76},"9":{"loc":{"start":{"line":76,"column":4},"end":{"line":76,"column":51}},"type":"binary-expr","locations":[{"start":{"line":76,"column":4},"end":{"line":76,"column":33}},{"start":{"line":76,"column":37},"end":{"line":76,"column":51}}],"line":76}},"s":{"0":1,"1":9,"2":1,"3":8,"4":1,"5":7,"6":7,"7":6,"8":6,"9":1,"10":1,"11":1,"12":6,"13":3,"14":2,"15":2,"16":1,"17":1,"18":0,"19":1,"20":1,"21":1},"f":{"0":9,"1":1,"2":3,"3":2},"b":{"0":[1,8],"1":[1,7],"2":[1,0],"3":[2,1],"4":[3,3],"5":[1,1],"6":[2,2],"7":[0,1],"8":[1,0],"9":[1,1]},"_coverageSchema":"1a1c01bbd47fc00a2c39e90264f33305004495a9","hash":"74cee63f7efcd8011d3b2434b5025ff2a80c488e"}
}
