TN:
SF:src/css-sync.js
FN:14,copyStylesheets
FN:49,(anonymous_1)
FN:67,(anonymous_2)
FNF:3
FNH:3
FNDA:12,copyStylesheets
FNDA:6,(anonymous_1)
FNDA:5,(anonymous_2)
DA:16,12
DA:19,12
DA:21,12
DA:22,8
DA:25,8
DA:27,0
DA:28,0
DA:31,0
DA:32,0
DA:33,0
DA:34,0
DA:36,0
DA:37,0
DA:40,0
DA:43,8
DA:44,8
DA:46,8
DA:48,6
DA:49,6
DA:53,6
DA:54,6
DA:55,6
DA:66,12
DA:67,12
DA:69,5
DA:70,5
DA:72,5
DA:73,5
DA:74,5
DA:75,5
DA:77,5
DA:78,1
DA:81,5
DA:86,1
DA:87,1
LF:35
LH:26
BRDA:25,0,0,0
BRDA:25,0,1,8
BRDA:27,1,0,0
BRDA:27,1,1,0
BRDA:33,2,0,0
BRDA:33,2,1,0
BRDA:36,3,0,0
BRDA:36,3,1,0
BRDA:46,4,0,6
BRDA:46,4,1,2
BRDA:46,5,0,8
BRDA:46,5,1,8
BRDA:69,6,0,0
BRDA:69,6,1,5
BRDA:74,7,0,5
BRDA:74,7,1,4
BRDA:77,8,0,1
BRDA:77,8,1,4
BRDA:86,9,0,1
BRDA:86,9,1,0
BRDA:86,10,0,1
BRDA:86,10,1,1
BRF:22
BRH:13
end_of_record
TN:
SF:src/dom-detector.js
FN:13,findVideoContainer
FN:42,(anonymous_1)
FNF:2
FNH:2
FNDA:11,findVideoContainer
FNDA:4,(anonymous_1)
DA:16,11
DA:22,11
DA:23,25
DA:24,25
DA:26,5
DA:27,5
DA:33,6
DA:34,6
DA:35,3
DA:39,3
DA:40,3
DA:42,2
DA:44,4
DA:47,2
DA:48,2
DA:49,2
DA:50,2
DA:53,2
DA:58,2
DA:59,2
DA:62,0
DA:65,1
DA:69,1
DA:70,1
LF:24
LH:23
BRDA:26,0,0,5
BRDA:26,0,1,0
BRDA:34,1,0,3
BRDA:34,1,1,3
BRDA:40,2,0,3
BRDA:40,2,1,3
BRDA:40,2,2,2
BRDA:44,3,0,2
BRDA:44,3,1,2
BRDA:48,4,0,2
BRDA:48,4,1,0
BRDA:49,5,0,2
BRDA:49,5,1,0
BRDA:50,6,0,2
BRDA:50,6,1,0
BRDA:53,7,0,2
BRDA:53,7,1,2
BRDA:53,7,2,0
BRDA:53,7,3,0
BRDA:53,7,4,2
BRDA:53,7,5,0
BRDA:53,7,6,0
BRDA:58,8,0,2
BRDA:58,8,1,0
BRDA:69,9,0,1
BRDA:69,9,1,0
BRDA:69,10,0,1
BRDA:69,10,1,1
BRF:28
BRH:18
end_of_record
TN:
SF:src/pip-manager.js
FN:18,openPiP
FN:40,(anonymous_1)
FN:53,closePiP
FN:64,togglePiP
FNF:4
FNH:4
FNDA:9,openPiP
FNDA:1,(anonymous_1)
FNDA:3,closePiP
FNDA:2,togglePiP
DA:11,1
DA:19,9
DA:20,1
DA:23,8
DA:24,1
DA:28,7
DA:31,7
DA:37,6
DA:40,6
DA:41,1
DA:42,1
DA:44,1
DA:47,6
DA:54,3
DA:55,2
DA:65,2
DA:66,1
DA:68,1
DA:69,0
DA:71,1
DA:76,1
DA:77,1
LF:22
LH:21
BRDA:19,0,0,1
BRDA:19,0,1,8
BRDA:23,1,0,1
BRDA:23,1,1,7
BRDA:41,2,0,1
BRDA:41,2,1,0
BRDA:54,3,0,2
BRDA:54,3,1,1
BRDA:54,4,0,3
BRDA:54,4,1,3
BRDA:65,5,0,1
BRDA:65,5,1,1
BRDA:65,6,0,2
BRDA:65,6,1,2
BRDA:68,7,0,0
BRDA:68,7,1,1
BRDA:76,8,0,1
BRDA:76,8,1,0
BRDA:76,9,0,1
BRDA:76,9,1,1
BRF:20
BRH:17
end_of_record
