TN:
SF:src/css-sync.js
FN:14,copyStylesheets
FN:49,(anonymous_1)
FN:67,(anonymous_2)
FNF:3
FNH:3
FNDA:22,copyStylesheets
FNDA:13,(anonymous_1)
FNDA:7,(anonymous_2)
DA:16,22
DA:19,22
DA:21,22
DA:22,16
DA:25,16
DA:27,1
DA:28,1
DA:31,1
DA:32,1
DA:33,1
DA:34,1
DA:36,1
DA:37,0
DA:40,1
DA:43,15
DA:44,15
DA:46,15
DA:48,13
DA:49,13
DA:53,13
DA:54,13
DA:55,13
DA:66,22
DA:67,22
DA:69,7
DA:70,6
DA:72,6
DA:73,6
DA:74,6
DA:75,6
DA:77,6
DA:78,1
DA:81,6
DA:86,13
DA:87,13
LF:35
LH:34
BRDA:25,0,0,1
BRDA:25,0,1,15
BRDA:27,1,0,0
BRDA:27,1,1,1
BRDA:33,2,0,1
BRDA:33,2,1,0
BRDA:36,3,0,0
BRDA:36,3,1,1
BRDA:46,4,0,13
BRDA:46,4,1,2
BRDA:46,5,0,15
BRDA:46,5,1,15
BRDA:69,6,0,1
BRDA:69,6,1,6
BRDA:74,7,0,6
BRDA:74,7,1,5
BRDA:77,8,0,1
BRDA:77,8,1,5
BRDA:86,9,0,13
BRDA:86,9,1,0
BRDA:86,10,0,13
BRDA:86,10,1,13
BRF:22
BRH:18
end_of_record
TN:
SF:src/dom-detector.js
FN:13,findVideoContainer
FN:42,(anonymous_1)
FNF:2
FNH:2
FNDA:38,findVideoContainer
FNDA:13,(anonymous_1)
DA:16,38
DA:22,38
DA:23,64
DA:24,64
DA:26,26
DA:27,26
DA:33,12
DA:34,12
DA:35,5
DA:39,7
DA:40,7
DA:42,7
DA:44,13
DA:47,7
DA:48,7
DA:49,7
DA:50,7
DA:53,7
DA:58,7
DA:59,4
DA:62,3
DA:65,3
DA:69,13
DA:70,13
LF:24
LH:24
BRDA:26,0,0,26
BRDA:26,0,1,0
BRDA:34,1,0,5
BRDA:34,1,1,7
BRDA:40,2,0,10
BRDA:40,2,1,10
BRDA:40,2,2,7
BRDA:44,3,0,6
BRDA:44,3,1,7
BRDA:48,4,0,7
BRDA:48,4,1,0
BRDA:49,5,0,7
BRDA:49,5,1,1
BRDA:50,6,0,7
BRDA:50,6,1,2
BRDA:53,7,0,7
BRDA:53,7,1,6
BRDA:53,7,2,1
BRDA:53,7,3,0
BRDA:53,7,4,5
BRDA:53,7,5,2
BRDA:53,7,6,1
BRDA:58,8,0,4
BRDA:58,8,1,3
BRDA:69,9,0,13
BRDA:69,9,1,0
BRDA:69,10,0,13
BRDA:69,10,1,13
BRF:28
BRH:24
end_of_record
TN:
SF:src/notification.js
FN:13,showError
FN:32,showSuccess
FN:47,(anonymous_2)
FN:57,notifyApiNotSupported
FN:64,notifyContainerNotFound
FNF:5
FNH:5
FNDA:18,showError
FNDA:11,showSuccess
FNDA:1,(anonymous_2)
FNDA:6,notifyApiNotSupported
FNDA:5,notifyContainerNotFound
DA:7,13
DA:14,18
DA:15,2
DA:16,2
DA:19,16
DA:20,16
DA:33,11
DA:34,0
DA:35,0
DA:38,11
DA:39,11
DA:47,11
DA:48,1
DA:49,0
DA:58,6
DA:65,5
DA:69,13
DA:70,13
LF:18
LH:15
BRDA:14,0,0,2
BRDA:14,0,1,16
BRDA:14,1,0,18
BRDA:14,1,1,17
BRDA:33,2,0,0
BRDA:33,2,1,11
BRDA:33,3,0,11
BRDA:33,3,1,11
BRDA:48,4,0,0
BRDA:48,4,1,1
BRDA:48,5,0,1
BRDA:48,5,1,1
BRDA:69,6,0,13
BRDA:69,6,1,0
BRDA:69,7,0,13
BRDA:69,7,1,13
BRF:16
BRH:13
end_of_record
TN:
SF:src/pip-controls.js
FN:15,formatTime
FN:28,hideNativeControls
FN:48,injectPipControls
FN:203,(anonymous_3)
FN:217,(anonymous_4)
FN:227,(anonymous_5)
FN:241,(anonymous_6)
FN:265,(anonymous_7)
FN:279,(anonymous_8)
FN:292,(anonymous_9)
FN:329,showControls
FN:337,hideControls
FN:341,startHideTimer
FN:343,(anonymous_13)
FN:350,onMouseMove
FN:354,onMouseLeave
FN:362,onTimeUpdate
FN:375,onPlay
FN:379,onPause
FN:383,onVolumeChange
FN:393,onLoadedMetadata
FN:409,cleanup
FNF:22
FNH:22
FNDA:84,formatTime
FNDA:13,hideNativeControls
FNDA:42,injectPipControls
FNDA:2,(anonymous_3)
FNDA:2,(anonymous_4)
FNDA:2,(anonymous_5)
FNDA:1,(anonymous_6)
FNDA:1,(anonymous_7)
FNDA:1,(anonymous_8)
FNDA:5,(anonymous_9)
FNDA:42,showControls
FNDA:3,hideControls
FNDA:42,startHideTimer
FNDA:2,(anonymous_13)
FNDA:1,onMouseMove
FNDA:1,onMouseLeave
FNDA:1,onTimeUpdate
FNDA:1,onPlay
FNDA:1,onPause
FNDA:2,onVolumeChange
FNDA:1,onLoadedMetadata
FNDA:2,cleanup
DA:16,84
DA:17,6
DA:19,78
DA:20,78
DA:21,78
DA:29,13
DA:30,13
DA:32,13
DA:39,13
DA:40,13
DA:49,42
DA:50,42
DA:52,42
DA:53,1
DA:57,41
DA:58,41
DA:60,41
DA:189,41
DA:190,41
DA:193,41
DA:194,41
DA:195,41
DA:198,41
DA:199,41
DA:200,41
DA:201,41
DA:202,41
DA:203,41
DA:204,2
DA:205,1
DA:207,1
DA:210,41
DA:213,41
DA:214,41
DA:215,41
DA:216,41
DA:217,41
DA:218,2
DA:220,41
DA:223,41
DA:224,41
DA:225,41
DA:226,41
DA:227,41
DA:228,2
DA:230,41
DA:233,41
DA:234,41
DA:235,41
DA:236,41
DA:237,41
DA:238,41
DA:239,41
DA:240,41
DA:241,41
DA:242,1
DA:243,1
DA:246,41
DA:249,41
DA:250,41
DA:251,41
DA:252,41
DA:253,41
DA:256,41
DA:257,41
DA:260,41
DA:261,41
DA:262,41
DA:263,41
DA:264,41
DA:265,41
DA:266,1
DA:268,41
DA:271,41
DA:272,41
DA:273,41
DA:274,41
DA:275,41
DA:276,41
DA:277,41
DA:278,41
DA:279,41
DA:280,1
DA:281,1
DA:283,41
DA:285,41
DA:288,41
DA:289,41
DA:290,41
DA:291,41
DA:292,41
DA:293,5
DA:294,5
DA:296,5
DA:297,1
DA:300,4
DA:301,4
DA:302,4
DA:303,4
DA:304,4
DA:305,4
DA:307,4
DA:308,4
DA:310,1
DA:311,1
DA:312,3
DA:314,2
DA:315,2
DA:321,41
DA:324,41
DA:327,41
DA:330,42
DA:331,42
DA:332,0
DA:333,0
DA:338,3
DA:342,42
DA:343,42
DA:344,2
DA:345,2
DA:351,1
DA:355,1
DA:356,1
DA:357,1
DA:359,1
DA:363,1
DA:364,1
DA:366,1
DA:367,1
DA:369,0
DA:372,1
DA:376,1
DA:380,1
DA:384,2
DA:385,1
DA:386,1
DA:388,1
DA:389,1
DA:394,1
DA:395,1
DA:400,41
DA:401,41
DA:402,41
DA:403,41
DA:404,41
DA:405,41
DA:406,41
DA:410,2
DA:411,2
DA:412,2
DA:414,2
DA:415,2
DA:416,2
DA:417,2
DA:418,2
DA:419,2
DA:420,2
DA:424,41
DA:427,41
DA:430,2
DA:431,2
LF:161
LH:158
BRDA:16,0,0,6
BRDA:16,0,1,78
BRDA:16,1,0,84
BRDA:16,1,1,78
BRDA:21,2,0,77
BRDA:21,2,1,1
BRDA:52,3,0,1
BRDA:52,3,1,41
BRDA:202,4,0,39
BRDA:202,4,1,2
BRDA:204,5,0,1
BRDA:204,5,1,1
BRDA:228,6,0,2
BRDA:228,6,1,0
BRDA:239,7,0,35
BRDA:239,7,1,6
BRDA:242,8,0,1
BRDA:242,8,1,0
BRDA:264,9,0,1
BRDA:264,9,1,40
BRDA:264,10,0,41
BRDA:264,10,1,40
BRDA:277,11,0,1
BRDA:277,11,1,40
BRDA:296,12,0,1
BRDA:296,12,1,4
BRDA:296,13,0,5
BRDA:296,13,1,4
BRDA:308,14,0,1
BRDA:308,14,1,3
BRDA:312,15,0,2
BRDA:312,15,1,1
BRDA:331,16,0,0
BRDA:331,16,1,42
BRDA:355,17,0,1
BRDA:355,17,1,0
BRDA:366,18,0,1
BRDA:366,18,1,0
BRDA:366,19,0,1
BRDA:366,19,1,1
BRDA:366,19,2,1
BRDA:384,20,0,1
BRDA:384,20,1,1
BRDA:384,21,0,2
BRDA:384,21,1,1
BRDA:394,22,0,1
BRDA:394,22,1,0
BRDA:410,23,0,2
BRDA:410,23,1,0
BRDA:430,24,0,2
BRDA:430,24,1,0
BRDA:430,25,0,2
BRDA:430,25,1,2
BRF:53
BRH:45
end_of_record
TN:
SF:src/pip-manager.js
FN:18,openPiP
FN:41,(anonymous_1)
FN:63,closePiP
FN:74,togglePiP
FNF:4
FNH:4
FNDA:28,openPiP
FNDA:3,(anonymous_1)
FNDA:7,closePiP
FNDA:7,togglePiP
DA:11,13
DA:19,28
DA:20,2
DA:23,26
DA:24,2
DA:28,24
DA:30,24
DA:32,24
DA:38,20
DA:41,20
DA:43,3
DA:44,1
DA:46,3
DA:47,3
DA:49,3
DA:52,20
DA:55,4
DA:56,4
DA:64,7
DA:65,6
DA:75,7
DA:76,3
DA:78,4
DA:79,1
DA:81,3
DA:86,13
DA:87,13
LF:27
LH:27
BRDA:19,0,0,2
BRDA:19,0,1,26
BRDA:23,1,0,2
BRDA:23,1,1,24
BRDA:43,2,0,1
BRDA:43,2,1,2
BRDA:46,3,0,3
BRDA:46,3,1,0
BRDA:64,4,0,6
BRDA:64,4,1,1
BRDA:64,5,0,7
BRDA:64,5,1,7
BRDA:75,6,0,3
BRDA:75,6,1,4
BRDA:75,7,0,7
BRDA:75,7,1,7
BRDA:78,8,0,1
BRDA:78,8,1,3
BRDA:86,9,0,13
BRDA:86,9,1,0
BRDA:86,10,0,13
BRDA:86,10,1,13
BRF:22
BRH:20
end_of_record
